2023-09-25 12:11:09 [main] ERROR : Application run failed
java.lang.IllegalStateException: java.lang.IllegalStateException: Logback configuration error detected: 
ERROR in ch.qos.logback.core.joran.util.PropertySetter@1a1da881 - Could not invoke method setLayout in class ch.qos.logback.classic.encoder.PatternLayoutEncoder with parameter of type com.example.cafemanagementsystem.config.MaskingPatternLayout java.lang.reflect.InvocationTargetException
	at org.springframework.boot.context.logging.LoggingApplicationListener.initializeSystem(LoggingApplicationListener.java:347)
	at org.springframework.boot.context.logging.LoggingApplicationListener.initialize(LoggingApplicationListener.java:298)
	at org.springframework.boot.context.logging.LoggingApplicationListener.onApplicationEnvironmentPreparedEvent(LoggingApplicationListener.java:246)
	at org.springframework.boot.context.logging.LoggingApplicationListener.onApplicationEvent(LoggingApplicationListener.java:223)
	at org.springframework.context.event.SimpleApplicationEventMulticaster.doInvokeListener(SimpleApplicationEventMulticaster.java:172)
	at org.springframework.context.event.SimpleApplicationEventMulticaster.invokeListener(SimpleApplicationEventMulticaster.java:165)
	at org.springframework.context.event.SimpleApplicationEventMulticaster.multicastEvent(SimpleApplicationEventMulticaster.java:143)
	at org.springframework.context.event.SimpleApplicationEventMulticaster.multicastEvent(SimpleApplicationEventMulticaster.java:131)
	at org.springframework.boot.context.event.EventPublishingRunListener.multicastInitialEvent(EventPublishingRunListener.java:136)
	at org.springframework.boot.context.event.EventPublishingRunListener.environmentPrepared(EventPublishingRunListener.java:81)
	at org.springframework.boot.SpringApplicationRunListeners.lambda$environmentPrepared$2(SpringApplicationRunListeners.java:64)
	at java.base/java.lang.Iterable.forEach(Iterable.java:75)
	at org.springframework.boot.SpringApplicationRunListeners.doWithListeners(SpringApplicationRunListeners.java:118)
	at org.springframework.boot.SpringApplicationRunListeners.doWithListeners(SpringApplicationRunListeners.java:112)
	at org.springframework.boot.SpringApplicationRunListeners.environmentPrepared(SpringApplicationRunListeners.java:63)
	at org.springframework.boot.SpringApplication.prepareEnvironment(SpringApplication.java:356)
	at org.springframework.boot.SpringApplication.run(SpringApplication.java:307)
	at org.springframework.boot.SpringApplication.run(SpringApplication.java:1306)
	at org.springframework.boot.SpringApplication.run(SpringApplication.java:1295)
	at com.example.cafemanagementsystem.CafeManagementSystemApplication.main(CafeManagementSystemApplication.java:11)
Caused by: java.lang.IllegalStateException: Logback configuration error detected: 
ERROR in ch.qos.logback.core.joran.util.PropertySetter@1a1da881 - Could not invoke method setLayout in class ch.qos.logback.classic.encoder.PatternLayoutEncoder with parameter of type com.example.cafemanagementsystem.config.MaskingPatternLayout java.lang.reflect.InvocationTargetException
	at org.springframework.boot.logging.logback.LogbackLoggingSystem.reportConfigurationErrorsIfNecessary(LogbackLoggingSystem.java:269)
	at org.springframework.boot.logging.logback.LogbackLoggingSystem.loadConfiguration(LogbackLoggingSystem.java:247)
	at org.springframework.boot.logging.logback.LogbackLoggingSystem.reinitialize(LogbackLoggingSystem.java:326)
	at org.springframework.boot.logging.AbstractLoggingSystem.initializeWithConventions(AbstractLoggingSystem.java:73)
	at org.springframework.boot.logging.AbstractLoggingSystem.initialize(AbstractLoggingSystem.java:60)
	at org.springframework.boot.logging.logback.LogbackLoggingSystem.initialize(LogbackLoggingSystem.java:187)
	at org.springframework.boot.context.logging.LoggingApplicationListener.initializeSystem(LoggingApplicationListener.java:332)
	... 19 common frames omitted
	Suppressed: java.lang.reflect.InvocationTargetException: null
		at java.base/jdk.internal.reflect.NativeMethodAccessorImpl.invoke0(Native Method)
		at java.base/jdk.internal.reflect.NativeMethodAccessorImpl.invoke(NativeMethodAccessorImpl.java:77)
		at java.base/jdk.internal.reflect.DelegatingMethodAccessorImpl.invoke(DelegatingMethodAccessorImpl.java:43)
		at java.base/java.lang.reflect.Method.invoke(Method.java:568)
		at ch.qos.logback.core.joran.util.PropertySetter.invokeMethodWithSingleParameterOnThisObject(PropertySetter.java:244)
		at ch.qos.logback.core.joran.util.PropertySetter.setComplexProperty(PropertySetter.java:295)
		at ch.qos.logback.core.model.processor.ImplicitModelHandler.postHandleComplex(ImplicitModelHandler.java:220)
		at ch.qos.logback.core.model.processor.ImplicitModelHandler.postHandle(ImplicitModelHandler.java:186)
		at ch.qos.logback.core.model.processor.DefaultProcessor.secondPhaseTraverse(DefaultProcessor.java:257)
		at ch.qos.logback.core.model.processor.DefaultProcessor.secondPhaseTraverse(DefaultProcessor.java:253)
		at ch.qos.logback.core.model.processor.DefaultProcessor.secondPhaseTraverse(DefaultProcessor.java:253)
		at ch.qos.logback.core.model.processor.DefaultProcessor.secondPhaseTraverse(DefaultProcessor.java:253)
		at ch.qos.logback.core.model.processor.DefaultProcessor.traversalLoop(DefaultProcessor.java:90)
		at ch.qos.logback.core.model.processor.DefaultProcessor.process(DefaultProcessor.java:106)
		at ch.qos.logback.core.joran.GenericXMLConfigurator.processModel(GenericXMLConfigurator.java:208)
		at org.springframework.boot.logging.logback.SpringBootJoranConfigurator.processModel(SpringBootJoranConfigurator.java:122)
		at ch.qos.logback.core.joran.GenericXMLConfigurator.doConfigure(GenericXMLConfigurator.java:170)
		at ch.qos.logback.core.joran.GenericXMLConfigurator.doConfigure(GenericXMLConfigurator.java:122)
		at ch.qos.logback.core.joran.GenericXMLConfigurator.doConfigure(GenericXMLConfigurator.java:65)
		at org.springframework.boot.logging.logback.LogbackLoggingSystem.configureByResourceUrl(LogbackLoggingSystem.java:279)
		at org.springframework.boot.logging.logback.LogbackLoggingSystem.loadConfiguration(LogbackLoggingSystem.java:242)
		... 24 common frames omitted
	Caused by: java.lang.UnsupportedOperationException: one cannot set the layout of ch.qos.logback.classic.encoder.PatternLayoutEncoder
		at ch.qos.logback.core.pattern.PatternLayoutEncoderBase.setLayout(PatternLayoutEncoderBase.java:62)
		... 45 common frames omitted
2023-09-25 12:13:39 [main] ERROR : Application run failed
java.lang.IllegalStateException: java.lang.IllegalStateException: Logback configuration error detected: 
ERROR in ch.qos.logback.core.joran.util.PropertySetter@2a39fe6a - Could not invoke method setLayout in class ch.qos.logback.classic.encoder.PatternLayoutEncoder with parameter of type com.example.cafemanagementsystem.config.MaskingPatternLayout java.lang.reflect.InvocationTargetException
	at org.springframework.boot.context.logging.LoggingApplicationListener.initializeSystem(LoggingApplicationListener.java:347)
	at org.springframework.boot.context.logging.LoggingApplicationListener.initialize(LoggingApplicationListener.java:298)
	at org.springframework.boot.context.logging.LoggingApplicationListener.onApplicationEnvironmentPreparedEvent(LoggingApplicationListener.java:246)
	at org.springframework.boot.context.logging.LoggingApplicationListener.onApplicationEvent(LoggingApplicationListener.java:223)
	at org.springframework.context.event.SimpleApplicationEventMulticaster.doInvokeListener(SimpleApplicationEventMulticaster.java:172)
	at org.springframework.context.event.SimpleApplicationEventMulticaster.invokeListener(SimpleApplicationEventMulticaster.java:165)
	at org.springframework.context.event.SimpleApplicationEventMulticaster.multicastEvent(SimpleApplicationEventMulticaster.java:143)
	at org.springframework.context.event.SimpleApplicationEventMulticaster.multicastEvent(SimpleApplicationEventMulticaster.java:131)
	at org.springframework.boot.context.event.EventPublishingRunListener.multicastInitialEvent(EventPublishingRunListener.java:136)
	at org.springframework.boot.context.event.EventPublishingRunListener.environmentPrepared(EventPublishingRunListener.java:81)
	at org.springframework.boot.SpringApplicationRunListeners.lambda$environmentPrepared$2(SpringApplicationRunListeners.java:64)
	at java.base/java.lang.Iterable.forEach(Iterable.java:75)
	at org.springframework.boot.SpringApplicationRunListeners.doWithListeners(SpringApplicationRunListeners.java:118)
	at org.springframework.boot.SpringApplicationRunListeners.doWithListeners(SpringApplicationRunListeners.java:112)
	at org.springframework.boot.SpringApplicationRunListeners.environmentPrepared(SpringApplicationRunListeners.java:63)
	at org.springframework.boot.SpringApplication.prepareEnvironment(SpringApplication.java:356)
	at org.springframework.boot.SpringApplication.run(SpringApplication.java:307)
	at org.springframework.boot.SpringApplication.run(SpringApplication.java:1306)
	at org.springframework.boot.SpringApplication.run(SpringApplication.java:1295)
	at com.example.cafemanagementsystem.CafeManagementSystemApplication.main(CafeManagementSystemApplication.java:11)
Caused by: java.lang.IllegalStateException: Logback configuration error detected: 
ERROR in ch.qos.logback.core.joran.util.PropertySetter@2a39fe6a - Could not invoke method setLayout in class ch.qos.logback.classic.encoder.PatternLayoutEncoder with parameter of type com.example.cafemanagementsystem.config.MaskingPatternLayout java.lang.reflect.InvocationTargetException
	at org.springframework.boot.logging.logback.LogbackLoggingSystem.reportConfigurationErrorsIfNecessary(LogbackLoggingSystem.java:269)
	at org.springframework.boot.logging.logback.LogbackLoggingSystem.loadConfiguration(LogbackLoggingSystem.java:247)
	at org.springframework.boot.logging.logback.LogbackLoggingSystem.reinitialize(LogbackLoggingSystem.java:326)
	at org.springframework.boot.logging.AbstractLoggingSystem.initializeWithConventions(AbstractLoggingSystem.java:73)
	at org.springframework.boot.logging.AbstractLoggingSystem.initialize(AbstractLoggingSystem.java:60)
	at org.springframework.boot.logging.logback.LogbackLoggingSystem.initialize(LogbackLoggingSystem.java:187)
	at org.springframework.boot.context.logging.LoggingApplicationListener.initializeSystem(LoggingApplicationListener.java:332)
	... 19 common frames omitted
	Suppressed: java.lang.reflect.InvocationTargetException: null
		at java.base/jdk.internal.reflect.NativeMethodAccessorImpl.invoke0(Native Method)
		at java.base/jdk.internal.reflect.NativeMethodAccessorImpl.invoke(NativeMethodAccessorImpl.java:77)
		at java.base/jdk.internal.reflect.DelegatingMethodAccessorImpl.invoke(DelegatingMethodAccessorImpl.java:43)
		at java.base/java.lang.reflect.Method.invoke(Method.java:568)
		at ch.qos.logback.core.joran.util.PropertySetter.invokeMethodWithSingleParameterOnThisObject(PropertySetter.java:244)
		at ch.qos.logback.core.joran.util.PropertySetter.setComplexProperty(PropertySetter.java:295)
		at ch.qos.logback.core.model.processor.ImplicitModelHandler.postHandleComplex(ImplicitModelHandler.java:220)
		at ch.qos.logback.core.model.processor.ImplicitModelHandler.postHandle(ImplicitModelHandler.java:186)
		at ch.qos.logback.core.model.processor.DefaultProcessor.secondPhaseTraverse(DefaultProcessor.java:257)
		at ch.qos.logback.core.model.processor.DefaultProcessor.secondPhaseTraverse(DefaultProcessor.java:253)
		at ch.qos.logback.core.model.processor.DefaultProcessor.secondPhaseTraverse(DefaultProcessor.java:253)
		at ch.qos.logback.core.model.processor.DefaultProcessor.secondPhaseTraverse(DefaultProcessor.java:253)
		at ch.qos.logback.core.model.processor.DefaultProcessor.traversalLoop(DefaultProcessor.java:90)
		at ch.qos.logback.core.model.processor.DefaultProcessor.process(DefaultProcessor.java:106)
		at ch.qos.logback.core.joran.GenericXMLConfigurator.processModel(GenericXMLConfigurator.java:208)
		at org.springframework.boot.logging.logback.SpringBootJoranConfigurator.processModel(SpringBootJoranConfigurator.java:122)
		at ch.qos.logback.core.joran.GenericXMLConfigurator.doConfigure(GenericXMLConfigurator.java:170)
		at ch.qos.logback.core.joran.GenericXMLConfigurator.doConfigure(GenericXMLConfigurator.java:122)
		at ch.qos.logback.core.joran.GenericXMLConfigurator.doConfigure(GenericXMLConfigurator.java:65)
		at org.springframework.boot.logging.logback.LogbackLoggingSystem.configureByResourceUrl(LogbackLoggingSystem.java:279)
		at org.springframework.boot.logging.logback.LogbackLoggingSystem.loadConfiguration(LogbackLoggingSystem.java:242)
		... 24 common frames omitted
	Caused by: java.lang.UnsupportedOperationException: one cannot set the layout of ch.qos.logback.classic.encoder.PatternLayoutEncoder
		at ch.qos.logback.core.pattern.PatternLayoutEncoderBase.setLayout(PatternLayoutEncoderBase.java:62)
		... 45 common frames omitted
2023-09-25 12:14:03 [main] INFO  : Starting CafeManagementSystemApplication using Java 17.0.8 with PID 4276 (C:\Users\ThinkPad\IdeaProjects\SpringBoot\CafeManagementSystem\target\classes started by ThinkPad in C:\Users\ThinkPad\IdeaProjects\SpringBoot\CafeManagementSystem)
2023-09-25 12:14:03 [main] INFO  : No active profile set, falling back to 1 default profile: "default"
2023-09-25 12:14:04 [main] INFO  : Bootstrapping Spring Data JPA repositories in DEFAULT mode.
2023-09-25 12:14:04 [main] INFO  : Finished Spring Data repository scanning in 85 ms. Found 5 JPA repository interfaces.
2023-09-25 12:14:05 [main] INFO  : Tomcat initialized with port(s): 8080 (http)
2023-09-25 12:14:05 [main] INFO  : Initializing ProtocolHandler ["http-nio-8080"]
2023-09-25 12:14:05 [main] INFO  : Starting service [Tomcat]
2023-09-25 12:14:05 [main] INFO  : Starting Servlet engine: [Apache Tomcat/10.1.12]
2023-09-25 12:14:05 [main] INFO  : Initializing Spring embedded WebApplicationContext
2023-09-25 12:14:05 [main] INFO  : Root WebApplicationContext: initialization completed in 2192 ms
2023-09-25 12:14:05 [main] INFO  : HHH000204: Processing PersistenceUnitInfo [name: default]
2023-09-25 12:14:05 [main] INFO  : HHH000412: Hibernate ORM core version 6.2.7.Final
2023-09-25 12:14:05 [main] INFO  : HHH000406: Using bytecode reflection optimizer
2023-09-25 12:14:05 [main] INFO  : HHH000021: Bytecode provider name : bytebuddy
2023-09-25 12:14:06 [main] INFO  : No LoadTimeWeaver setup: ignoring JPA class transformer
2023-09-25 12:14:06 [main] INFO  : HikariPool-1 - Starting...
2023-09-25 12:14:06 [main] INFO  : HikariPool-1 - Added connection org.postgresql.jdbc.PgConnection@29c244e
2023-09-25 12:14:06 [main] INFO  : HikariPool-1 - Start completed.
2023-09-25 12:14:06 [main] INFO  : HHH000021: Bytecode provider name : bytebuddy
2023-09-25 12:14:07 [main] INFO  : HHH000490: Using JtaPlatform implementation: [org.hibernate.engine.transaction.jta.platform.internal.NoJtaPlatform]
2023-09-25 12:14:07 [main] INFO  : Initialized JPA EntityManagerFactory for persistence unit 'default'
2023-09-25 12:14:08 [main] INFO  : Hibernate is in classpath; If applicable, HQL parser will be used.
2023-09-25 12:14:10 [main] INFO  : Will secure any request with [org.springframework.security.web.session.DisableEncodeUrlFilter@59acb725, org.springframework.security.web.context.request.async.WebAsyncManagerIntegrationFilter@2291fb1, org.springframework.security.web.context.SecurityContextHolderFilter@42a057b6, org.springframework.security.web.header.HeaderWriterFilter@35c646b5, org.springframework.web.filter.CorsFilter@213f2d00, org.springframework.security.web.authentication.logout.LogoutFilter@126a8548, com.example.cafemanagementsystem.jwt.JwtAuthenticationFilter@61c4fc34, org.springframework.security.web.savedrequest.RequestCacheAwareFilter@62036b05, org.springframework.security.web.servletapi.SecurityContextHolderAwareRequestFilter@3a72160a, org.springframework.security.web.authentication.AnonymousAuthenticationFilter@2aaf7354, org.springframework.security.web.session.SessionManagementFilter@19a2b224, org.springframework.security.web.access.ExceptionTranslationFilter@7e7e34ef, org.springframework.security.web.access.intercept.AuthorizationFilter@5bb00dcc]
2023-09-25 12:14:10 [main] INFO  : Starting ProtocolHandler ["http-nio-8080"]
2023-09-25 12:14:10 [main] INFO  : Tomcat started on port(s): 8080 (http) with context path ''
2023-09-25 12:14:10 [main] INFO  : Started CafeManagementSystemApplication in 8.208 seconds (process running for 9.346)
2023-09-25 12:14:15 [http-nio-8080-exec-1] INFO  : Initializing Spring DispatcherServlet 'dispatcherServlet'
2023-09-25 12:14:15 [http-nio-8080-exec-1] INFO  : Initializing Servlet 'dispatcherServlet'
2023-09-25 12:14:15 [http-nio-8080-exec-1] INFO  : Completed initialization in 2 ms
2023-09-25 12:14:15 [http-nio-8080-exec-1] INFO  : Inside login{email=badsna555@mailinator.com, password=badsna555}
2023-09-25 12:14:15 [http-nio-8080-exec-1] INFO  : Authenticating user
2023-09-25 12:14:15 [http-nio-8080-exec-1] INFO  : Inside generateToken()
2023-09-25 12:14:15 [http-nio-8080-exec-1] INFO  : Inside createToken()
2023-09-25 12:14:52 [SpringApplicationShutdownHook] INFO  : Closing JPA EntityManagerFactory for persistence unit 'default'
2023-09-25 12:14:52 [SpringApplicationShutdownHook] INFO  : HikariPool-1 - Shutdown initiated...
2023-09-25 12:14:52 [SpringApplicationShutdownHook] INFO  : HikariPool-1 - Shutdown completed.
2023-09-25 12:14:56 [main] INFO  : Starting CafeManagementSystemApplication using Java 17.0.8 with PID 3748 (C:\Users\ThinkPad\IdeaProjects\SpringBoot\CafeManagementSystem\target\classes started by ThinkPad in C:\Users\ThinkPad\IdeaProjects\SpringBoot\CafeManagementSystem)
2023-09-25 12:14:56 [main] INFO  : No active profile set, falling back to 1 default profile: "default"
2023-09-25 12:14:57 [main] INFO  : Bootstrapping Spring Data JPA repositories in DEFAULT mode.
2023-09-25 12:14:57 [main] INFO  : Finished Spring Data repository scanning in 97 ms. Found 5 JPA repository interfaces.
2023-09-25 12:14:58 [main] INFO  : Tomcat initialized with port(s): 8080 (http)
2023-09-25 12:14:58 [main] INFO  : Initializing ProtocolHandler ["http-nio-8080"]
2023-09-25 12:14:58 [main] INFO  : Starting service [Tomcat]
2023-09-25 12:14:58 [main] INFO  : Starting Servlet engine: [Apache Tomcat/10.1.12]
2023-09-25 12:14:59 [main] INFO  : Initializing Spring embedded WebApplicationContext
2023-09-25 12:14:59 [main] INFO  : Root WebApplicationContext: initialization completed in 2421 ms
2023-09-25 12:14:59 [main] INFO  : HHH000204: Processing PersistenceUnitInfo [name: default]
2023-09-25 12:14:59 [main] INFO  : HHH000412: Hibernate ORM core version 6.2.7.Final
2023-09-25 12:14:59 [main] INFO  : HHH000406: Using bytecode reflection optimizer
2023-09-25 12:14:59 [main] INFO  : HHH000021: Bytecode provider name : bytebuddy
2023-09-25 12:14:59 [main] INFO  : No LoadTimeWeaver setup: ignoring JPA class transformer
2023-09-25 12:14:59 [main] INFO  : HikariPool-1 - Starting...
2023-09-25 12:14:59 [main] INFO  : HikariPool-1 - Added connection org.postgresql.jdbc.PgConnection@1bbb42b4
2023-09-25 12:14:59 [main] INFO  : HikariPool-1 - Start completed.
2023-09-25 12:15:00 [main] INFO  : HHH000021: Bytecode provider name : bytebuddy
2023-09-25 12:15:01 [main] INFO  : HHH000490: Using JtaPlatform implementation: [org.hibernate.engine.transaction.jta.platform.internal.NoJtaPlatform]
2023-09-25 12:15:01 [main] INFO  : Initialized JPA EntityManagerFactory for persistence unit 'default'
2023-09-25 12:15:01 [main] INFO  : Hibernate is in classpath; If applicable, HQL parser will be used.
2023-09-25 12:15:03 [main] INFO  : Will secure any request with [org.springframework.security.web.session.DisableEncodeUrlFilter@323fa578, org.springframework.security.web.context.request.async.WebAsyncManagerIntegrationFilter@6d543ec2, org.springframework.security.web.context.SecurityContextHolderFilter@24c9a52a, org.springframework.security.web.header.HeaderWriterFilter@7ecf001f, org.springframework.web.filter.CorsFilter@12a719ed, org.springframework.security.web.authentication.logout.LogoutFilter@7677d320, com.example.cafemanagementsystem.jwt.JwtAuthenticationFilter@956cf3d, org.springframework.security.web.savedrequest.RequestCacheAwareFilter@126a8548, org.springframework.security.web.servletapi.SecurityContextHolderAwareRequestFilter@2cf93603, org.springframework.security.web.authentication.AnonymousAuthenticationFilter@79dd79eb, org.springframework.security.web.session.SessionManagementFilter@71b01319, org.springframework.security.web.access.ExceptionTranslationFilter@12fbc568, org.springframework.security.web.access.intercept.AuthorizationFilter@f7a19c4]
2023-09-25 12:15:03 [main] INFO  : Starting ProtocolHandler ["http-nio-8080"]
2023-09-25 12:15:03 [main] INFO  : Tomcat started on port(s): 8080 (http) with context path ''
2023-09-25 12:15:03 [main] INFO  : Started CafeManagementSystemApplication in 7.761 seconds (process running for 8.953)
2023-09-25 12:15:09 [http-nio-8080-exec-3] INFO  : Initializing Spring DispatcherServlet 'dispatcherServlet'
2023-09-25 12:15:09 [http-nio-8080-exec-3] INFO  : Initializing Servlet 'dispatcherServlet'
2023-09-25 12:15:09 [http-nio-8080-exec-3] INFO  : Completed initialization in 2 ms
2023-09-25 12:15:09 [http-nio-8080-exec-3] INFO  : Inside login{email=badsna555@mailinator.com, password=badsna555}
2023-09-25 12:15:09 [http-nio-8080-exec-3] INFO  : Authenticating user
2023-09-25 12:15:09 [http-nio-8080-exec-3] INFO  : Inside generateToken()
2023-09-25 12:15:09 [http-nio-8080-exec-3] INFO  : Inside createToken()
2023-09-25 12:15:17 [http-nio-8080-exec-2] INFO  : Inside signup(){name=bana5, contactNumber=1234567892, email=ba@mor.com, password=badsna50}
2023-09-25 12:15:17 [http-nio-8080-exec-2] INFO  : Inside validateSignUpMap()
