2023-09-21 17:01:25 [main] INFO  : Starting CafeManagementSystemApplication using Java 17.0.8 with PID 5324 (C:\Users\ThinkPad\IdeaProjects\SpringBoot\CafeManagementSystem\target\classes started by ThinkPad in C:\Users\ThinkPad\IdeaProjects\SpringBoot\CafeManagementSystem)
2023-09-21 17:01:25 [main] INFO  : No active profile set, falling back to 1 default profile: "default"
2023-09-21 17:01:26 [main] INFO  : Bootstrapping Spring Data JPA repositories in DEFAULT mode.
2023-09-21 17:01:27 [main] INFO  : Finished Spring Data repository scanning in 135 ms. Found 5 JPA repository interfaces.
2023-09-21 17:01:28 [main] INFO  : Tomcat initialized with port(s): 8080 (http)
2023-09-21 17:01:28 [main] INFO  : Initializing ProtocolHandler ["http-nio-8080"]
2023-09-21 17:01:28 [main] INFO  : Starting service [Tomcat]
2023-09-21 17:01:28 [main] INFO  : Starting Servlet engine: [Apache Tomcat/10.1.12]
2023-09-21 17:01:28 [main] INFO  : Initializing Spring embedded WebApplicationContext
2023-09-21 17:01:28 [main] INFO  : Root WebApplicationContext: initialization completed in 3281 ms
2023-09-21 17:01:28 [main] INFO  : HHH000204: Processing PersistenceUnitInfo [name: default]
2023-09-21 17:01:28 [main] INFO  : HHH000412: Hibernate ORM core version 6.2.7.Final
2023-09-21 17:01:28 [main] INFO  : HHH000406: Using bytecode reflection optimizer
2023-09-21 17:01:29 [main] INFO  : HHH000021: Bytecode provider name : bytebuddy
2023-09-21 17:01:29 [main] INFO  : No LoadTimeWeaver setup: ignoring JPA class transformer
2023-09-21 17:01:29 [main] INFO  : HikariPool-1 - Starting...
2023-09-21 17:01:29 [main] INFO  : HikariPool-1 - Added connection org.postgresql.jdbc.PgConnection@77ba583
2023-09-21 17:01:29 [main] INFO  : HikariPool-1 - Start completed.
2023-09-21 17:01:30 [main] INFO  : HHH000021: Bytecode provider name : bytebuddy
2023-09-21 17:01:31 [main] INFO  : HHH000490: Using JtaPlatform implementation: [org.hibernate.engine.transaction.jta.platform.internal.NoJtaPlatform]
2023-09-21 17:01:31 [main] INFO  : Initialized JPA EntityManagerFactory for persistence unit 'default'
2023-09-21 17:01:31 [main] INFO  : Hibernate is in classpath; If applicable, HQL parser will be used.
2023-09-21 17:01:33 [main] INFO  : Will secure any request with [org.springframework.security.web.session.DisableEncodeUrlFilter@2d6161b9, org.springframework.security.web.context.request.async.WebAsyncManagerIntegrationFilter@2d28114b, org.springframework.security.web.context.SecurityContextHolderFilter@13cfe28b, org.springframework.security.web.header.HeaderWriterFilter@4ed761dc, org.springframework.web.filter.CorsFilter@79b9dfcd, org.springframework.security.web.authentication.logout.LogoutFilter@2e7a6dcd, com.example.cafemanagementsystem.jwt.JwtAuthenticationFilter@1c7fd2e0, org.springframework.security.web.savedrequest.RequestCacheAwareFilter@79fc6651, org.springframework.security.web.servletapi.SecurityContextHolderAwareRequestFilter@7b2a6ed3, org.springframework.security.web.authentication.AnonymousAuthenticationFilter@7edb2a4b, org.springframework.security.web.session.SessionManagementFilter@3ab2d64c, org.springframework.security.web.access.ExceptionTranslationFilter@73790bb5, org.springframework.security.web.access.intercept.AuthorizationFilter@55aabc72]
2023-09-21 17:01:34 [main] INFO  : Starting ProtocolHandler ["http-nio-8080"]
2023-09-21 17:01:34 [main] INFO  : Tomcat started on port(s): 8080 (http) with context path ''
2023-09-21 17:01:34 [main] INFO  : Started CafeManagementSystemApplication in 9.665 seconds (process running for 11.586)
2023-09-21 17:01:54 [http-nio-8080-exec-1] INFO  : Initializing Spring DispatcherServlet 'dispatcherServlet'
2023-09-21 17:01:54 [http-nio-8080-exec-1] INFO  : Initializing Servlet 'dispatcherServlet'
2023-09-21 17:01:54 [http-nio-8080-exec-1] INFO  : Completed initialization in 4 ms
2023-09-21 17:02:04 [http-nio-8080-exec-9] INFO  : Init duration for springdoc-openapi is: 985 ms
2023-09-21 17:02:27 [http-nio-8080-exec-7] INFO  : Inside signup()
2023-09-21 17:02:27 [http-nio-8080-exec-7] INFO  : Inside validateSignUpMap()
2023-09-21 17:02:31 [http-nio-8080-exec-6] INFO  : Inside signup()
2023-09-21 17:02:31 [http-nio-8080-exec-6] INFO  : Inside validateSignUpMap()
2023-09-21 17:02:50 [SpringApplicationShutdownHook] INFO  : Closing JPA EntityManagerFactory for persistence unit 'default'
2023-09-21 17:02:50 [SpringApplicationShutdownHook] INFO  : HikariPool-1 - Shutdown initiated...
2023-09-21 17:02:50 [SpringApplicationShutdownHook] INFO  : HikariPool-1 - Shutdown completed.
