2023-09-13 10:37:25 [main] INFO  : Starting CafeManagementSystemApplication using Java 17.0.8 with PID 15148 (C:\Users\ThinkPad\IdeaProjects\SpringBoot\CafeManagementSystem\target\classes started by ThinkPad in C:\Users\ThinkPad\IdeaProjects\SpringBoot\CafeManagementSystem)
2023-09-13 10:37:25 [main] INFO  : No active profile set, falling back to 1 default profile: "default"
2023-09-13 10:37:26 [main] INFO  : Bootstrapping Spring Data JPA repositories in DEFAULT mode.
2023-09-13 10:37:26 [main] INFO  : Finished Spring Data repository scanning in 106 ms. Found 5 JPA repository interfaces.
2023-09-13 10:37:27 [main] INFO  : Tomcat initialized with port(s): 8080 (http)
2023-09-13 10:37:27 [main] INFO  : Initializing ProtocolHandler ["http-nio-8080"]
2023-09-13 10:37:27 [main] INFO  : Starting service [Tomcat]
2023-09-13 10:37:27 [main] INFO  : Starting Servlet engine: [Apache Tomcat/10.1.12]
2023-09-13 10:37:27 [main] INFO  : Initializing Spring embedded WebApplicationContext
2023-09-13 10:37:27 [main] INFO  : Root WebApplicationContext: initialization completed in 1851 ms
2023-09-13 10:37:27 [main] INFO  : HHH000204: Processing PersistenceUnitInfo [name: default]
2023-09-13 10:37:27 [main] INFO  : HHH000412: Hibernate ORM core version 6.2.7.Final
2023-09-13 10:37:27 [main] INFO  : HHH000406: Using bytecode reflection optimizer
2023-09-13 10:37:27 [main] INFO  : HHH000021: Bytecode provider name : bytebuddy
2023-09-13 10:37:28 [main] INFO  : No LoadTimeWeaver setup: ignoring JPA class transformer
2023-09-13 10:37:28 [main] INFO  : HikariPool-1 - Starting...
2023-09-13 10:37:28 [main] INFO  : HikariPool-1 - Added connection org.postgresql.jdbc.PgConnection@6d001fbe
2023-09-13 10:37:28 [main] INFO  : HikariPool-1 - Start completed.
2023-09-13 10:37:28 [main] INFO  : HHH000021: Bytecode provider name : bytebuddy
2023-09-13 10:37:29 [main] INFO  : HHH000490: Using JtaPlatform implementation: [org.hibernate.engine.transaction.jta.platform.internal.NoJtaPlatform]
2023-09-13 10:37:30 [main] INFO  : Initialized JPA EntityManagerFactory for persistence unit 'default'
2023-09-13 10:37:30 [main] INFO  : Hibernate is in classpath; If applicable, HQL parser will be used.
2023-09-13 10:37:31 [main] WARN  : spring.jpa.open-in-view is enabled by default. Therefore, database queries may be performed during view rendering. Explicitly configure spring.jpa.open-in-view to disable this warning
2023-09-13 10:37:31 [main] INFO  : Will secure any request with [org.springframework.security.web.session.DisableEncodeUrlFilter@2b3fd4d2, org.springframework.security.web.context.request.async.WebAsyncManagerIntegrationFilter@3020f22, org.springframework.security.web.context.SecurityContextHolderFilter@bc85538, org.springframework.security.web.header.HeaderWriterFilter@33d75081, org.springframework.web.filter.CorsFilter@6a40e660, org.springframework.security.web.authentication.logout.LogoutFilter@27ae6f9e, com.example.cafemanagementsystem.jwt.JwtAuthenticationFilter@549debdb, org.springframework.security.web.savedrequest.RequestCacheAwareFilter@21a09c5a, org.springframework.security.web.servletapi.SecurityContextHolderAwareRequestFilter@5576eef4, org.springframework.security.web.authentication.AnonymousAuthenticationFilter@4a57ad67, org.springframework.security.web.session.SessionManagementFilter@269a37bc, org.springframework.security.web.access.ExceptionTranslationFilter@3ca43e5d, org.springframework.security.web.access.intercept.AuthorizationFilter@514f2b5c]
2023-09-13 10:37:32 [main] INFO  : Starting ProtocolHandler ["http-nio-8080"]
2023-09-13 10:37:32 [main] INFO  : Tomcat started on port(s): 8080 (http) with context path ''
2023-09-13 10:37:32 [main] INFO  : Started CafeManagementSystemApplication in 7.378 seconds (process running for 9.395)
2023-09-13 10:38:20 [http-nio-8080-exec-1] INFO  : Initializing Spring DispatcherServlet 'dispatcherServlet'
2023-09-13 10:38:20 [http-nio-8080-exec-1] INFO  : Initializing Servlet 'dispatcherServlet'
2023-09-13 10:38:20 [http-nio-8080-exec-1] INFO  : Completed initialization in 3 ms
2023-09-13 10:38:20 [http-nio-8080-exec-1] WARN  : No mapping for GET /v3/api-docs
2023-09-13 10:38:42 [http-nio-8080-exec-3] WARN  : No mapping for GET /v3/api-docs
2023-09-13 10:39:19 [SpringApplicationShutdownHook] INFO  : Closing JPA EntityManagerFactory for persistence unit 'default'
2023-09-13 10:39:19 [SpringApplicationShutdownHook] INFO  : HikariPool-1 - Shutdown initiated...
2023-09-13 10:39:19 [SpringApplicationShutdownHook] INFO  : HikariPool-1 - Shutdown completed.
2023-09-13 10:39:28 [main] INFO  : Starting CafeManagementSystemApplication using Java 17.0.8 with PID 4468 (C:\Users\ThinkPad\IdeaProjects\SpringBoot\CafeManagementSystem\target\classes started by ThinkPad in C:\Users\ThinkPad\IdeaProjects\SpringBoot\CafeManagementSystem)
2023-09-13 10:39:28 [main] INFO  : No active profile set, falling back to 1 default profile: "default"
2023-09-13 10:39:29 [main] INFO  : Bootstrapping Spring Data JPA repositories in DEFAULT mode.
2023-09-13 10:39:29 [main] INFO  : Finished Spring Data repository scanning in 113 ms. Found 5 JPA repository interfaces.
2023-09-13 10:39:30 [main] INFO  : Tomcat initialized with port(s): 8080 (http)
2023-09-13 10:39:30 [main] INFO  : Initializing ProtocolHandler ["http-nio-8080"]
2023-09-13 10:39:30 [main] INFO  : Starting service [Tomcat]
2023-09-13 10:39:30 [main] INFO  : Starting Servlet engine: [Apache Tomcat/10.1.12]
2023-09-13 10:39:30 [main] INFO  : Initializing Spring embedded WebApplicationContext
2023-09-13 10:39:30 [main] INFO  : Root WebApplicationContext: initialization completed in 1877 ms
2023-09-13 10:39:30 [main] INFO  : HHH000204: Processing PersistenceUnitInfo [name: default]
2023-09-13 10:39:30 [main] INFO  : HHH000412: Hibernate ORM core version 6.2.7.Final
2023-09-13 10:39:30 [main] INFO  : HHH000406: Using bytecode reflection optimizer
2023-09-13 10:39:31 [main] INFO  : HHH000021: Bytecode provider name : bytebuddy
2023-09-13 10:39:31 [main] INFO  : No LoadTimeWeaver setup: ignoring JPA class transformer
2023-09-13 10:39:31 [main] INFO  : HikariPool-1 - Starting...
2023-09-13 10:39:31 [main] INFO  : HikariPool-1 - Added connection org.postgresql.jdbc.PgConnection@5ee77baf
2023-09-13 10:39:31 [main] INFO  : HikariPool-1 - Start completed.
2023-09-13 10:39:32 [main] INFO  : HHH000021: Bytecode provider name : bytebuddy
2023-09-13 10:39:32 [main] INFO  : HHH000490: Using JtaPlatform implementation: [org.hibernate.engine.transaction.jta.platform.internal.NoJtaPlatform]
2023-09-13 10:39:33 [main] INFO  : Initialized JPA EntityManagerFactory for persistence unit 'default'
2023-09-13 10:39:33 [main] INFO  : Hibernate is in classpath; If applicable, HQL parser will be used.
2023-09-13 10:39:34 [main] WARN  : spring.jpa.open-in-view is enabled by default. Therefore, database queries may be performed during view rendering. Explicitly configure spring.jpa.open-in-view to disable this warning
2023-09-13 10:39:34 [main] INFO  : Will secure any request with [org.springframework.security.web.session.DisableEncodeUrlFilter@c730e65, org.springframework.security.web.context.request.async.WebAsyncManagerIntegrationFilter@616d9a6d, org.springframework.security.web.context.SecurityContextHolderFilter@7011eee0, org.springframework.security.web.header.HeaderWriterFilter@51c660c8, org.springframework.web.filter.CorsFilter@16263fb2, org.springframework.security.web.authentication.logout.LogoutFilter@7356ec91, com.example.cafemanagementsystem.jwt.JwtAuthenticationFilter@5ab06829, org.springframework.security.web.savedrequest.RequestCacheAwareFilter@76629f82, org.springframework.security.web.servletapi.SecurityContextHolderAwareRequestFilter@24eb71f6, org.springframework.security.web.authentication.AnonymousAuthenticationFilter@52b4da7c, org.springframework.security.web.session.SessionManagementFilter@21a09c5a, org.springframework.security.web.access.ExceptionTranslationFilter@10fa270e, org.springframework.security.web.access.intercept.AuthorizationFilter@6a40e660]
2023-09-13 10:39:34 [main] INFO  : Starting ProtocolHandler ["http-nio-8080"]
2023-09-13 10:39:34 [main] INFO  : Tomcat started on port(s): 8080 (http) with context path ''
2023-09-13 10:39:34 [main] INFO  : Started CafeManagementSystemApplication in 6.574 seconds (process running for 7.911)
2023-09-13 10:39:38 [http-nio-8080-exec-1] INFO  : Initializing Spring DispatcherServlet 'dispatcherServlet'
2023-09-13 10:39:38 [http-nio-8080-exec-1] INFO  : Initializing Servlet 'dispatcherServlet'
2023-09-13 10:39:38 [http-nio-8080-exec-1] INFO  : Completed initialization in 2 ms
2023-09-13 10:39:38 [http-nio-8080-exec-1] WARN  : No mapping for GET /v3/api-docs
2023-09-13 10:48:07 [SpringApplicationShutdownHook] INFO  : Closing JPA EntityManagerFactory for persistence unit 'default'
2023-09-13 10:48:07 [SpringApplicationShutdownHook] INFO  : HikariPool-1 - Shutdown initiated...
2023-09-13 10:48:07 [SpringApplicationShutdownHook] INFO  : HikariPool-1 - Shutdown completed.
2023-09-13 10:48:14 [main] INFO  : Starting CafeManagementSystemApplication using Java 17.0.8 with PID 9992 (C:\Users\ThinkPad\IdeaProjects\SpringBoot\CafeManagementSystem\target\classes started by ThinkPad in C:\Users\ThinkPad\IdeaProjects\SpringBoot\CafeManagementSystem)
2023-09-13 10:48:14 [main] INFO  : No active profile set, falling back to 1 default profile: "default"
2023-09-13 10:48:15 [main] INFO  : Bootstrapping Spring Data JPA repositories in DEFAULT mode.
2023-09-13 10:48:15 [main] INFO  : Finished Spring Data repository scanning in 152 ms. Found 5 JPA repository interfaces.
2023-09-13 10:48:15 [main] INFO  : Tomcat initialized with port(s): 8080 (http)
2023-09-13 10:48:15 [main] INFO  : Initializing ProtocolHandler ["http-nio-8080"]
2023-09-13 10:48:15 [main] INFO  : Starting service [Tomcat]
2023-09-13 10:48:15 [main] INFO  : Starting Servlet engine: [Apache Tomcat/10.1.12]
2023-09-13 10:48:16 [main] INFO  : Initializing Spring embedded WebApplicationContext
2023-09-13 10:48:16 [main] INFO  : Root WebApplicationContext: initialization completed in 1687 ms
2023-09-13 10:48:16 [main] INFO  : HHH000204: Processing PersistenceUnitInfo [name: default]
2023-09-13 10:48:16 [main] INFO  : HHH000412: Hibernate ORM core version 6.2.7.Final
2023-09-13 10:48:16 [main] INFO  : HHH000406: Using bytecode reflection optimizer
2023-09-13 10:48:16 [main] INFO  : HHH000021: Bytecode provider name : bytebuddy
2023-09-13 10:48:16 [main] INFO  : No LoadTimeWeaver setup: ignoring JPA class transformer
2023-09-13 10:48:16 [main] INFO  : HikariPool-1 - Starting...
2023-09-13 10:48:16 [main] INFO  : HikariPool-1 - Added connection org.postgresql.jdbc.PgConnection@25cde5bb
2023-09-13 10:48:16 [main] INFO  : HikariPool-1 - Start completed.
2023-09-13 10:48:17 [main] INFO  : HHH000021: Bytecode provider name : bytebuddy
2023-09-13 10:48:17 [main] INFO  : HHH000490: Using JtaPlatform implementation: [org.hibernate.engine.transaction.jta.platform.internal.NoJtaPlatform]
2023-09-13 10:48:18 [main] INFO  : Initialized JPA EntityManagerFactory for persistence unit 'default'
2023-09-13 10:48:18 [main] INFO  : Hibernate is in classpath; If applicable, HQL parser will be used.
2023-09-13 10:48:18 [main] WARN  : spring.jpa.open-in-view is enabled by default. Therefore, database queries may be performed during view rendering. Explicitly configure spring.jpa.open-in-view to disable this warning
2023-09-13 10:48:19 [main] INFO  : Will secure any request with [org.springframework.security.web.session.DisableEncodeUrlFilter@16263fb2, org.springframework.security.web.context.request.async.WebAsyncManagerIntegrationFilter@52b4da7c, org.springframework.security.web.context.SecurityContextHolderFilter@76629f82, org.springframework.security.web.header.HeaderWriterFilter@8829ecd, org.springframework.web.filter.CorsFilter@4620e669, org.springframework.security.web.authentication.logout.LogoutFilter@33224703, com.example.cafemanagementsystem.jwt.JwtAuthenticationFilter@5b0d480c, org.springframework.security.web.savedrequest.RequestCacheAwareFilter@2474331d, org.springframework.security.web.servletapi.SecurityContextHolderAwareRequestFilter@17da6e45, org.springframework.security.web.authentication.AnonymousAuthenticationFilter@4b93a232, org.springframework.security.web.session.SessionManagementFilter@517f9ba3, org.springframework.security.web.access.ExceptionTranslationFilter@51c660c8, org.springframework.security.web.access.intercept.AuthorizationFilter@1f1b69bb]
2023-09-13 10:48:19 [main] INFO  : Starting ProtocolHandler ["http-nio-8080"]
2023-09-13 10:48:19 [main] INFO  : Tomcat started on port(s): 8080 (http) with context path ''
2023-09-13 10:48:19 [main] INFO  : Started CafeManagementSystemApplication in 5.723 seconds (process running for 6.801)
2023-09-13 10:48:59 [SpringApplicationShutdownHook] INFO  : Closing JPA EntityManagerFactory for persistence unit 'default'
2023-09-13 10:48:59 [SpringApplicationShutdownHook] INFO  : HikariPool-1 - Shutdown initiated...
2023-09-13 10:49:00 [SpringApplicationShutdownHook] INFO  : HikariPool-1 - Shutdown completed.
2023-09-13 10:49:05 [main] INFO  : Starting CafeManagementSystemApplication using Java 17.0.8 with PID 9620 (C:\Users\ThinkPad\IdeaProjects\SpringBoot\CafeManagementSystem\target\classes started by ThinkPad in C:\Users\ThinkPad\IdeaProjects\SpringBoot\CafeManagementSystem)
2023-09-13 10:49:05 [main] INFO  : No active profile set, falling back to 1 default profile: "default"
2023-09-13 10:49:06 [main] INFO  : Bootstrapping Spring Data JPA repositories in DEFAULT mode.
2023-09-13 10:49:06 [main] INFO  : Finished Spring Data repository scanning in 117 ms. Found 5 JPA repository interfaces.
2023-09-13 10:49:07 [main] INFO  : Tomcat initialized with port(s): 8080 (http)
2023-09-13 10:49:07 [main] INFO  : Initializing ProtocolHandler ["http-nio-8080"]
2023-09-13 10:49:07 [main] INFO  : Starting service [Tomcat]
2023-09-13 10:49:07 [main] INFO  : Starting Servlet engine: [Apache Tomcat/10.1.12]
2023-09-13 10:49:07 [main] INFO  : Initializing Spring embedded WebApplicationContext
2023-09-13 10:49:07 [main] INFO  : Root WebApplicationContext: initialization completed in 2051 ms
2023-09-13 10:49:08 [main] INFO  : HHH000204: Processing PersistenceUnitInfo [name: default]
2023-09-13 10:49:08 [main] INFO  : HHH000412: Hibernate ORM core version 6.2.7.Final
2023-09-13 10:49:08 [main] INFO  : HHH000406: Using bytecode reflection optimizer
2023-09-13 10:49:08 [main] INFO  : HHH000021: Bytecode provider name : bytebuddy
2023-09-13 10:49:08 [main] INFO  : No LoadTimeWeaver setup: ignoring JPA class transformer
2023-09-13 10:49:08 [main] INFO  : HikariPool-1 - Starting...
2023-09-13 10:49:08 [main] INFO  : HikariPool-1 - Added connection org.postgresql.jdbc.PgConnection@57bdceaa
2023-09-13 10:49:08 [main] INFO  : HikariPool-1 - Start completed.
2023-09-13 10:49:09 [main] INFO  : HHH000021: Bytecode provider name : bytebuddy
2023-09-13 10:49:10 [main] INFO  : HHH000490: Using JtaPlatform implementation: [org.hibernate.engine.transaction.jta.platform.internal.NoJtaPlatform]
2023-09-13 10:49:10 [main] INFO  : Initialized JPA EntityManagerFactory for persistence unit 'default'
2023-09-13 10:49:10 [main] INFO  : Hibernate is in classpath; If applicable, HQL parser will be used.
2023-09-13 10:49:11 [main] WARN  : spring.jpa.open-in-view is enabled by default. Therefore, database queries may be performed during view rendering. Explicitly configure spring.jpa.open-in-view to disable this warning
2023-09-13 10:49:11 [main] INFO  : Will secure any request with [org.springframework.security.web.session.DisableEncodeUrlFilter@46977829, org.springframework.security.web.context.request.async.WebAsyncManagerIntegrationFilter@24eb71f6, org.springframework.security.web.context.SecurityContextHolderFilter@1d0b4b69, org.springframework.security.web.header.HeaderWriterFilter@2daf650b, org.springframework.web.filter.CorsFilter@12b34bd5, org.springframework.security.web.authentication.logout.LogoutFilter@1985f8e3, com.example.cafemanagementsystem.jwt.JwtAuthenticationFilter@39b9dc35, org.springframework.security.web.savedrequest.RequestCacheAwareFilter@1967c032, org.springframework.security.web.servletapi.SecurityContextHolderAwareRequestFilter@4540aade, org.springframework.security.web.authentication.AnonymousAuthenticationFilter@17da6e45, org.springframework.security.web.session.SessionManagementFilter@6314e967, org.springframework.security.web.access.ExceptionTranslationFilter@34b4c82a, org.springframework.security.web.access.intercept.AuthorizationFilter@76629f82]
2023-09-13 10:49:12 [main] INFO  : Starting ProtocolHandler ["http-nio-8080"]
2023-09-13 10:49:12 [main] INFO  : Tomcat started on port(s): 8080 (http) with context path ''
2023-09-13 10:49:12 [main] INFO  : Started CafeManagementSystemApplication in 6.932 seconds (process running for 7.952)
2023-09-13 10:49:36 [http-nio-8080-exec-1] INFO  : Initializing Spring DispatcherServlet 'dispatcherServlet'
2023-09-13 10:49:36 [http-nio-8080-exec-1] INFO  : Initializing Servlet 'dispatcherServlet'
2023-09-13 10:49:36 [http-nio-8080-exec-1] INFO  : Completed initialization in 2 ms
2023-09-13 10:49:36 [http-nio-8080-exec-1] WARN  : No mapping for GET /swagger-ui
2023-09-13 11:06:43 [http-nio-8080-exec-5] INFO  : Inside forgotPassword()
2023-09-13 11:06:43 [http-nio-8080-exec-5] INFO  : NEW TOKEN GENERATED 6547247f-f484-48ff-9288-742bb4313f3e
2023-09-13 11:06:43 [http-nio-8080-exec-5] INFO  : Inside createRestToken()
2023-09-13 11:06:43 [http-nio-8080-exec-5] INFO  : Inside if
2023-09-13 11:06:43 [http-nio-8080-exec-5] INFO  : Inside forgotMail()
2023-09-13 11:09:00 [SpringApplicationShutdownHook] INFO  : Closing JPA EntityManagerFactory for persistence unit 'default'
2023-09-13 11:09:00 [SpringApplicationShutdownHook] INFO  : HikariPool-1 - Shutdown initiated...
2023-09-13 11:09:00 [SpringApplicationShutdownHook] INFO  : HikariPool-1 - Shutdown completed.
2023-09-13 11:09:07 [main] INFO  : Starting CafeManagementSystemApplication using Java 17.0.8 with PID 5480 (C:\Users\ThinkPad\IdeaProjects\SpringBoot\CafeManagementSystem\target\classes started by ThinkPad in C:\Users\ThinkPad\IdeaProjects\SpringBoot\CafeManagementSystem)
2023-09-13 11:09:07 [main] INFO  : No active profile set, falling back to 1 default profile: "default"
2023-09-13 11:09:07 [main] INFO  : Bootstrapping Spring Data JPA repositories in DEFAULT mode.
2023-09-13 11:09:08 [main] INFO  : Finished Spring Data repository scanning in 126 ms. Found 5 JPA repository interfaces.
2023-09-13 11:09:09 [main] INFO  : Tomcat initialized with port(s): 8080 (http)
2023-09-13 11:09:09 [main] INFO  : Initializing ProtocolHandler ["http-nio-8080"]
2023-09-13 11:09:09 [main] INFO  : Starting service [Tomcat]
2023-09-13 11:09:09 [main] INFO  : Starting Servlet engine: [Apache Tomcat/10.1.12]
2023-09-13 11:09:09 [main] INFO  : Initializing Spring embedded WebApplicationContext
2023-09-13 11:09:09 [main] INFO  : Root WebApplicationContext: initialization completed in 2515 ms
2023-09-13 11:09:09 [main] INFO  : HHH000204: Processing PersistenceUnitInfo [name: default]
2023-09-13 11:09:09 [main] INFO  : HHH000412: Hibernate ORM core version 6.2.7.Final
2023-09-13 11:09:09 [main] INFO  : HHH000406: Using bytecode reflection optimizer
2023-09-13 11:09:10 [main] INFO  : HHH000021: Bytecode provider name : bytebuddy
2023-09-13 11:09:10 [main] INFO  : No LoadTimeWeaver setup: ignoring JPA class transformer
2023-09-13 11:09:10 [main] INFO  : HikariPool-1 - Starting...
2023-09-13 11:09:10 [main] INFO  : HikariPool-1 - Added connection org.postgresql.jdbc.PgConnection@55053f81
2023-09-13 11:09:10 [main] INFO  : HikariPool-1 - Start completed.
2023-09-13 11:09:11 [main] INFO  : HHH000021: Bytecode provider name : bytebuddy
2023-09-13 11:09:12 [main] INFO  : HHH000490: Using JtaPlatform implementation: [org.hibernate.engine.transaction.jta.platform.internal.NoJtaPlatform]
2023-09-13 11:09:12 [main] INFO  : Initialized JPA EntityManagerFactory for persistence unit 'default'
2023-09-13 11:09:12 [main] INFO  : Hibernate is in classpath; If applicable, HQL parser will be used.
2023-09-13 11:09:14 [main] WARN  : spring.jpa.open-in-view is enabled by default. Therefore, database queries may be performed during view rendering. Explicitly configure spring.jpa.open-in-view to disable this warning
2023-09-13 11:09:14 [main] INFO  : Will secure any request with [org.springframework.security.web.session.DisableEncodeUrlFilter@16a30d66, org.springframework.security.web.context.request.async.WebAsyncManagerIntegrationFilter@213fc7e7, org.springframework.security.web.context.SecurityContextHolderFilter@4271960c, org.springframework.security.web.header.HeaderWriterFilter@581da9e6, org.springframework.web.filter.CorsFilter@c358f32, org.springframework.security.web.authentication.logout.LogoutFilter@1e250539, com.example.cafemanagementsystem.jwt.JwtAuthenticationFilter@16f15a4, org.springframework.security.web.savedrequest.RequestCacheAwareFilter@3b870ed3, org.springframework.security.web.servletapi.SecurityContextHolderAwareRequestFilter@551fefe8, org.springframework.security.web.authentication.AnonymousAuthenticationFilter@5e18a6a7, org.springframework.security.web.session.SessionManagementFilter@674b2703, org.springframework.security.web.access.ExceptionTranslationFilter@71c1e70f, org.springframework.security.web.access.intercept.AuthorizationFilter@136c3a6]
2023-09-13 11:09:15 [main] INFO  : Starting ProtocolHandler ["http-nio-8080"]
2023-09-13 11:09:15 [main] INFO  : Tomcat started on port(s): 8080 (http) with context path ''
2023-09-13 11:09:15 [main] INFO  : Started CafeManagementSystemApplication in 8.616 seconds (process running for 9.636)
2023-09-13 11:09:56 [http-nio-8080-exec-2] INFO  : Error parsing HTTP request header
 Note: further occurrences of HTTP request parsing errors will be logged at DEBUG level.
java.lang.IllegalArgumentException: Invalid character found in method name [0x160x030x010x020x000x010x000x010xfc0x030x030x1a0xc10xc8X0x8f0xd60xf10xa90x100xba0x7f0xa30xf6]!#0xe4?0x1c{30xc7~0xbau0xd5}0x890xcd0xfe}0xfa ]. HTTP method names must be tokens
	at org.apache.coyote.http11.Http11InputBuffer.parseRequestLine(Http11InputBuffer.java:407)
	at org.apache.coyote.http11.Http11Processor.service(Http11Processor.java:264)
	at org.apache.coyote.AbstractProcessorLight.process(AbstractProcessorLight.java:63)
	at org.apache.coyote.AbstractProtocol$ConnectionHandler.process(AbstractProtocol.java:894)
	at org.apache.tomcat.util.net.NioEndpoint$SocketProcessor.doRun(NioEndpoint.java:1740)
	at org.apache.tomcat.util.net.SocketProcessorBase.run(SocketProcessorBase.java:52)
	at org.apache.tomcat.util.threads.ThreadPoolExecutor.runWorker(ThreadPoolExecutor.java:1191)
	at org.apache.tomcat.util.threads.ThreadPoolExecutor$Worker.run(ThreadPoolExecutor.java:659)
	at org.apache.tomcat.util.threads.TaskThread$WrappingRunnable.run(TaskThread.java:61)
	at java.base/java.lang.Thread.run(Thread.java:833)
2023-09-13 11:09:56 [http-nio-8080-exec-1] INFO  : Error parsing HTTP request header
 Note: further occurrences of HTTP request parsing errors will be logged at DEBUG level.
java.lang.IllegalArgumentException: Invalid character found in method name [0x160x030x010x020x000x010x000x010xfc0x030x03)0x9eqY0x9870x9f0x8e0xb00x1a0xcdW0xb70xd10xb90xf10x800xde0xda0xc90x82Y0xac0xce)P0xec0x89F0x080xde0xce ]. HTTP method names must be tokens
	at org.apache.coyote.http11.Http11InputBuffer.parseRequestLine(Http11InputBuffer.java:407)
	at org.apache.coyote.http11.Http11Processor.service(Http11Processor.java:264)
	at org.apache.coyote.AbstractProcessorLight.process(AbstractProcessorLight.java:63)
	at org.apache.coyote.AbstractProtocol$ConnectionHandler.process(AbstractProtocol.java:894)
	at org.apache.tomcat.util.net.NioEndpoint$SocketProcessor.doRun(NioEndpoint.java:1740)
	at org.apache.tomcat.util.net.SocketProcessorBase.run(SocketProcessorBase.java:52)
	at org.apache.tomcat.util.threads.ThreadPoolExecutor.runWorker(ThreadPoolExecutor.java:1191)
	at org.apache.tomcat.util.threads.ThreadPoolExecutor$Worker.run(ThreadPoolExecutor.java:659)
	at org.apache.tomcat.util.threads.TaskThread$WrappingRunnable.run(TaskThread.java:61)
	at java.base/java.lang.Thread.run(Thread.java:833)
2023-09-13 11:10:24 [http-nio-8080-exec-5] INFO  : Initializing Spring DispatcherServlet 'dispatcherServlet'
2023-09-13 11:10:24 [http-nio-8080-exec-5] INFO  : Initializing Servlet 'dispatcherServlet'
2023-09-13 11:10:24 [http-nio-8080-exec-5] INFO  : Completed initialization in 3 ms
2023-09-13 11:19:09 [SpringApplicationShutdownHook] INFO  : Closing JPA EntityManagerFactory for persistence unit 'default'
2023-09-13 11:19:09 [SpringApplicationShutdownHook] INFO  : HikariPool-1 - Shutdown initiated...
2023-09-13 11:19:09 [SpringApplicationShutdownHook] INFO  : HikariPool-1 - Shutdown completed.
2023-09-13 11:19:36 [main] INFO  : Starting CafeManagementSystemApplication using Java 17.0.8 with PID 3732 (C:\Users\ThinkPad\IdeaProjects\SpringBoot\CafeManagementSystem\target\classes started by ThinkPad in C:\Users\ThinkPad\IdeaProjects\SpringBoot\CafeManagementSystem)
2023-09-13 11:19:36 [main] INFO  : No active profile set, falling back to 1 default profile: "default"
2023-09-13 11:19:37 [main] INFO  : Bootstrapping Spring Data JPA repositories in DEFAULT mode.
2023-09-13 11:19:37 [main] INFO  : Finished Spring Data repository scanning in 100 ms. Found 5 JPA repository interfaces.
2023-09-13 11:19:38 [main] INFO  : Tomcat initialized with port(s): 8080 (http)
2023-09-13 11:19:38 [main] INFO  : Initializing ProtocolHandler ["http-nio-8080"]
2023-09-13 11:19:38 [main] INFO  : Starting service [Tomcat]
2023-09-13 11:19:38 [main] INFO  : Starting Servlet engine: [Apache Tomcat/10.1.12]
2023-09-13 11:19:38 [main] INFO  : Initializing Spring embedded WebApplicationContext
2023-09-13 11:19:38 [main] INFO  : Root WebApplicationContext: initialization completed in 2326 ms
2023-09-13 11:19:38 [main] INFO  : HHH000204: Processing PersistenceUnitInfo [name: default]
2023-09-13 11:19:38 [main] INFO  : HHH000412: Hibernate ORM core version 6.2.7.Final
2023-09-13 11:19:38 [main] INFO  : HHH000406: Using bytecode reflection optimizer
2023-09-13 11:19:39 [main] INFO  : HHH000021: Bytecode provider name : bytebuddy
2023-09-13 11:19:39 [main] INFO  : No LoadTimeWeaver setup: ignoring JPA class transformer
2023-09-13 11:19:39 [main] INFO  : HikariPool-1 - Starting...
2023-09-13 11:19:39 [main] INFO  : HikariPool-1 - Added connection org.postgresql.jdbc.PgConnection@222d9d4f
2023-09-13 11:19:39 [main] INFO  : HikariPool-1 - Start completed.
2023-09-13 11:19:40 [main] INFO  : HHH000021: Bytecode provider name : bytebuddy
2023-09-13 11:19:41 [main] INFO  : HHH000490: Using JtaPlatform implementation: [org.hibernate.engine.transaction.jta.platform.internal.NoJtaPlatform]
2023-09-13 11:19:41 [main] INFO  : Initialized JPA EntityManagerFactory for persistence unit 'default'
2023-09-13 11:19:42 [main] INFO  : Hibernate is in classpath; If applicable, HQL parser will be used.
2023-09-13 11:19:43 [main] WARN  : spring.jpa.open-in-view is enabled by default. Therefore, database queries may be performed during view rendering. Explicitly configure spring.jpa.open-in-view to disable this warning
2023-09-13 11:19:44 [main] INFO  : Will secure any request with [org.springframework.security.web.session.DisableEncodeUrlFilter@79de9f90, org.springframework.security.web.context.request.async.WebAsyncManagerIntegrationFilter@15db4dc, org.springframework.security.web.context.SecurityContextHolderFilter@79f14c56, org.springframework.security.web.header.HeaderWriterFilter@1940bacd, org.springframework.web.filter.CorsFilter@2e7a6dcd, org.springframework.security.web.authentication.logout.LogoutFilter@3987bfc8, com.example.cafemanagementsystem.jwt.JwtAuthenticationFilter@58c80957, org.springframework.security.web.savedrequest.RequestCacheAwareFilter@73790bb5, org.springframework.security.web.servletapi.SecurityContextHolderAwareRequestFilter@6c1f1c03, org.springframework.security.web.authentication.AnonymousAuthenticationFilter@762261fd, org.springframework.security.web.session.SessionManagementFilter@2b097d19, org.springframework.security.web.access.ExceptionTranslationFilter@397a70d8, org.springframework.security.web.access.intercept.AuthorizationFilter@48860fb8]
2023-09-13 11:19:45 [main] INFO  : Starting ProtocolHandler ["http-nio-8080"]
2023-09-13 11:19:45 [main] INFO  : Tomcat started on port(s): 8080 (http) with context path ''
2023-09-13 11:19:45 [main] INFO  : Started CafeManagementSystemApplication in 10.006 seconds (process running for 11.313)
2023-09-13 11:19:54 [http-nio-8080-exec-1] INFO  : Initializing Spring DispatcherServlet 'dispatcherServlet'
2023-09-13 11:19:54 [http-nio-8080-exec-1] INFO  : Initializing Servlet 'dispatcherServlet'
2023-09-13 11:19:54 [http-nio-8080-exec-1] INFO  : Completed initialization in 2 ms
2023-09-13 11:28:02 [SpringApplicationShutdownHook] INFO  : Closing JPA EntityManagerFactory for persistence unit 'default'
2023-09-13 11:28:02 [SpringApplicationShutdownHook] INFO  : HikariPool-1 - Shutdown initiated...
2023-09-13 11:28:02 [SpringApplicationShutdownHook] INFO  : HikariPool-1 - Shutdown completed.
2023-09-13 11:28:13 [main] INFO  : Starting CafeManagementSystemApplication using Java 17.0.8 with PID 14748 (C:\Users\ThinkPad\IdeaProjects\SpringBoot\CafeManagementSystem\target\classes started by ThinkPad in C:\Users\ThinkPad\IdeaProjects\SpringBoot\CafeManagementSystem)
2023-09-13 11:28:13 [main] INFO  : No active profile set, falling back to 1 default profile: "default"
2023-09-13 11:28:14 [main] INFO  : Bootstrapping Spring Data JPA repositories in DEFAULT mode.
2023-09-13 11:28:14 [main] INFO  : Finished Spring Data repository scanning in 86 ms. Found 5 JPA repository interfaces.
2023-09-13 11:28:15 [main] INFO  : Tomcat initialized with port(s): 8080 (http)
2023-09-13 11:28:15 [main] INFO  : Initializing ProtocolHandler ["http-nio-8080"]
2023-09-13 11:28:15 [main] INFO  : Starting service [Tomcat]
2023-09-13 11:28:15 [main] INFO  : Starting Servlet engine: [Apache Tomcat/10.1.12]
2023-09-13 11:28:15 [main] INFO  : Initializing Spring embedded WebApplicationContext
2023-09-13 11:28:15 [main] INFO  : Root WebApplicationContext: initialization completed in 1912 ms
2023-09-13 11:28:15 [main] INFO  : HHH000204: Processing PersistenceUnitInfo [name: default]
2023-09-13 11:28:15 [main] INFO  : HHH000412: Hibernate ORM core version 6.2.7.Final
2023-09-13 11:28:15 [main] INFO  : HHH000406: Using bytecode reflection optimizer
2023-09-13 11:28:15 [main] INFO  : HHH000021: Bytecode provider name : bytebuddy
2023-09-13 11:28:16 [main] INFO  : No LoadTimeWeaver setup: ignoring JPA class transformer
2023-09-13 11:28:16 [main] INFO  : HikariPool-1 - Starting...
2023-09-13 11:28:16 [main] INFO  : HikariPool-1 - Added connection org.postgresql.jdbc.PgConnection@693f2c89
2023-09-13 11:28:16 [main] INFO  : HikariPool-1 - Start completed.
2023-09-13 11:28:16 [main] INFO  : HHH000021: Bytecode provider name : bytebuddy
2023-09-13 11:28:17 [main] INFO  : HHH000490: Using JtaPlatform implementation: [org.hibernate.engine.transaction.jta.platform.internal.NoJtaPlatform]
2023-09-13 11:28:18 [main] INFO  : Initialized JPA EntityManagerFactory for persistence unit 'default'
2023-09-13 11:28:18 [main] INFO  : Hibernate is in classpath; If applicable, HQL parser will be used.
2023-09-13 11:28:19 [main] WARN  : spring.jpa.open-in-view is enabled by default. Therefore, database queries may be performed during view rendering. Explicitly configure spring.jpa.open-in-view to disable this warning
2023-09-13 11:28:19 [main] INFO  : Will secure any request with [org.springframework.security.web.session.DisableEncodeUrlFilter@3a72160a, org.springframework.security.web.context.request.async.WebAsyncManagerIntegrationFilter@2a01c55, org.springframework.security.web.context.SecurityContextHolderFilter@24afdf18, org.springframework.security.web.header.HeaderWriterFilter@7edb2a4b, org.springframework.web.filter.CorsFilter@1560982f, org.springframework.security.web.authentication.logout.LogoutFilter@4bdec54, com.example.cafemanagementsystem.jwt.JwtAuthenticationFilter@52bcfd10, org.springframework.security.web.savedrequest.RequestCacheAwareFilter@54e63f7c, org.springframework.security.web.servletapi.SecurityContextHolderAwareRequestFilter@74f1e112, org.springframework.security.web.authentication.AnonymousAuthenticationFilter@5642cd03, org.springframework.security.web.session.SessionManagementFilter@1dd36967, org.springframework.security.web.access.ExceptionTranslationFilter@2d28114b, org.springframework.security.web.access.intercept.AuthorizationFilter@32514766]
2023-09-13 11:28:20 [main] INFO  : Starting ProtocolHandler ["http-nio-8080"]
2023-09-13 11:28:20 [main] INFO  : Tomcat started on port(s): 8080 (http) with context path ''
2023-09-13 11:28:20 [main] INFO  : Started CafeManagementSystemApplication in 7.498 seconds (process running for 8.543)
2023-09-13 11:28:25 [http-nio-8080-exec-1] INFO  : Initializing Spring DispatcherServlet 'dispatcherServlet'
2023-09-13 11:28:25 [http-nio-8080-exec-1] INFO  : Initializing Servlet 'dispatcherServlet'
2023-09-13 11:28:25 [http-nio-8080-exec-1] INFO  : Completed initialization in 3 ms
2023-09-13 11:32:17 [SpringApplicationShutdownHook] INFO  : Closing JPA EntityManagerFactory for persistence unit 'default'
2023-09-13 11:32:17 [SpringApplicationShutdownHook] INFO  : HikariPool-1 - Shutdown initiated...
2023-09-13 11:32:17 [SpringApplicationShutdownHook] INFO  : HikariPool-1 - Shutdown completed.
2023-09-13 11:32:27 [main] INFO  : Starting CafeManagementSystemApplication using Java 17.0.8 with PID 16300 (C:\Users\ThinkPad\IdeaProjects\SpringBoot\CafeManagementSystem\target\classes started by ThinkPad in C:\Users\ThinkPad\IdeaProjects\SpringBoot\CafeManagementSystem)
2023-09-13 11:32:27 [main] INFO  : No active profile set, falling back to 1 default profile: "default"
2023-09-13 11:32:29 [main] INFO  : Bootstrapping Spring Data JPA repositories in DEFAULT mode.
2023-09-13 11:32:29 [main] INFO  : Finished Spring Data repository scanning in 120 ms. Found 5 JPA repository interfaces.
2023-09-13 11:32:30 [main] INFO  : Tomcat initialized with port(s): 8080 (http)
2023-09-13 11:32:30 [main] INFO  : Initializing ProtocolHandler ["http-nio-8080"]
2023-09-13 11:32:30 [main] INFO  : Starting service [Tomcat]
2023-09-13 11:32:30 [main] INFO  : Starting Servlet engine: [Apache Tomcat/10.1.12]
2023-09-13 11:32:30 [main] INFO  : Initializing Spring embedded WebApplicationContext
2023-09-13 11:32:30 [main] INFO  : Root WebApplicationContext: initialization completed in 2421 ms
2023-09-13 11:32:30 [main] INFO  : HHH000204: Processing PersistenceUnitInfo [name: default]
2023-09-13 11:32:30 [main] INFO  : HHH000412: Hibernate ORM core version 6.2.7.Final
2023-09-13 11:32:30 [main] INFO  : HHH000406: Using bytecode reflection optimizer
2023-09-13 11:32:30 [main] INFO  : HHH000021: Bytecode provider name : bytebuddy
2023-09-13 11:32:31 [main] INFO  : No LoadTimeWeaver setup: ignoring JPA class transformer
2023-09-13 11:32:31 [main] INFO  : HikariPool-1 - Starting...
2023-09-13 11:32:31 [main] INFO  : HikariPool-1 - Added connection org.postgresql.jdbc.PgConnection@4a336377
2023-09-13 11:32:31 [main] INFO  : HikariPool-1 - Start completed.
2023-09-13 11:32:31 [main] INFO  : HHH000021: Bytecode provider name : bytebuddy
2023-09-13 11:32:33 [main] INFO  : HHH000490: Using JtaPlatform implementation: [org.hibernate.engine.transaction.jta.platform.internal.NoJtaPlatform]
2023-09-13 11:32:33 [main] INFO  : Initialized JPA EntityManagerFactory for persistence unit 'default'
2023-09-13 11:32:34 [main] INFO  : Hibernate is in classpath; If applicable, HQL parser will be used.
2023-09-13 11:32:35 [main] WARN  : spring.jpa.open-in-view is enabled by default. Therefore, database queries may be performed during view rendering. Explicitly configure spring.jpa.open-in-view to disable this warning
2023-09-13 11:32:36 [main] INFO  : Will secure any request with [org.springframework.security.web.session.DisableEncodeUrlFilter@7d28d525, org.springframework.security.web.context.request.async.WebAsyncManagerIntegrationFilter@4873c645, org.springframework.security.web.context.SecurityContextHolderFilter@75fdbd71, org.springframework.security.web.header.HeaderWriterFilter@48860fb8, org.springframework.web.filter.CorsFilter@7e7e34ef, org.springframework.security.web.authentication.logout.LogoutFilter@673218b2, com.example.cafemanagementsystem.jwt.JwtAuthenticationFilter@6329a5b9, org.springframework.security.web.savedrequest.RequestCacheAwareFilter@697f4085, org.springframework.security.web.servletapi.SecurityContextHolderAwareRequestFilter@44986fae, org.springframework.security.web.authentication.AnonymousAuthenticationFilter@e7c3ba2, org.springframework.security.web.session.SessionManagementFilter@5e7aa27e, org.springframework.security.web.access.ExceptionTranslationFilter@5c1dc4e9, org.springframework.security.web.access.intercept.AuthorizationFilter@6b3bcab7]
2023-09-13 11:32:36 [main] INFO  : Starting ProtocolHandler ["http-nio-8080"]
2023-09-13 11:32:36 [main] INFO  : Tomcat started on port(s): 8080 (http) with context path ''
2023-09-13 11:32:36 [main] INFO  : Started CafeManagementSystemApplication in 9.454 seconds (process running for 10.673)
2023-09-13 11:32:41 [http-nio-8080-exec-1] INFO  : Initializing Spring DispatcherServlet 'dispatcherServlet'
2023-09-13 11:32:41 [http-nio-8080-exec-1] INFO  : Initializing Servlet 'dispatcherServlet'
2023-09-13 11:32:41 [http-nio-8080-exec-1] INFO  : Completed initialization in 3 ms
2023-09-13 11:32:58 [SpringApplicationShutdownHook] INFO  : Closing JPA EntityManagerFactory for persistence unit 'default'
2023-09-13 11:32:58 [SpringApplicationShutdownHook] INFO  : HikariPool-1 - Shutdown initiated...
2023-09-13 11:32:58 [SpringApplicationShutdownHook] INFO  : HikariPool-1 - Shutdown completed.
2023-09-13 11:33:08 [main] INFO  : Starting CafeManagementSystemApplication using Java 17.0.8 with PID 15000 (C:\Users\ThinkPad\IdeaProjects\SpringBoot\CafeManagementSystem\target\classes started by ThinkPad in C:\Users\ThinkPad\IdeaProjects\SpringBoot\CafeManagementSystem)
2023-09-13 11:33:08 [main] INFO  : No active profile set, falling back to 1 default profile: "default"
2023-09-13 11:33:10 [main] INFO  : Bootstrapping Spring Data JPA repositories in DEFAULT mode.
2023-09-13 11:33:10 [main] INFO  : Finished Spring Data repository scanning in 119 ms. Found 5 JPA repository interfaces.
2023-09-13 11:33:11 [main] INFO  : Tomcat initialized with port(s): 8080 (http)
2023-09-13 11:33:11 [main] INFO  : Initializing ProtocolHandler ["http-nio-8080"]
2023-09-13 11:33:11 [main] INFO  : Starting service [Tomcat]
2023-09-13 11:33:11 [main] INFO  : Starting Servlet engine: [Apache Tomcat/10.1.12]
2023-09-13 11:33:11 [main] INFO  : Initializing Spring embedded WebApplicationContext
2023-09-13 11:33:11 [main] INFO  : Root WebApplicationContext: initialization completed in 2865 ms
2023-09-13 11:33:11 [main] INFO  : HHH000204: Processing PersistenceUnitInfo [name: default]
2023-09-13 11:33:11 [main] INFO  : HHH000412: Hibernate ORM core version 6.2.7.Final
2023-09-13 11:33:11 [main] INFO  : HHH000406: Using bytecode reflection optimizer
2023-09-13 11:33:12 [main] INFO  : HHH000021: Bytecode provider name : bytebuddy
2023-09-13 11:33:12 [main] INFO  : No LoadTimeWeaver setup: ignoring JPA class transformer
2023-09-13 11:33:12 [main] INFO  : HikariPool-1 - Starting...
2023-09-13 11:33:12 [main] INFO  : HikariPool-1 - Added connection org.postgresql.jdbc.PgConnection@693f2c89
2023-09-13 11:33:12 [main] INFO  : HikariPool-1 - Start completed.
2023-09-13 11:33:12 [main] INFO  : HHH000021: Bytecode provider name : bytebuddy
2023-09-13 11:33:14 [main] INFO  : HHH000490: Using JtaPlatform implementation: [org.hibernate.engine.transaction.jta.platform.internal.NoJtaPlatform]
2023-09-13 11:33:14 [main] INFO  : Initialized JPA EntityManagerFactory for persistence unit 'default'
2023-09-13 11:33:15 [main] INFO  : Hibernate is in classpath; If applicable, HQL parser will be used.
2023-09-13 11:33:17 [main] WARN  : spring.jpa.open-in-view is enabled by default. Therefore, database queries may be performed during view rendering. Explicitly configure spring.jpa.open-in-view to disable this warning
2023-09-13 11:33:19 [main] INFO  : Will secure any request with [org.springframework.security.web.session.DisableEncodeUrlFilter@3a72160a, org.springframework.security.web.context.request.async.WebAsyncManagerIntegrationFilter@2a01c55, org.springframework.security.web.context.SecurityContextHolderFilter@24afdf18, org.springframework.security.web.header.HeaderWriterFilter@7edb2a4b, org.springframework.web.filter.CorsFilter@1560982f, org.springframework.security.web.authentication.logout.LogoutFilter@4bdec54, com.example.cafemanagementsystem.jwt.JwtAuthenticationFilter@52bcfd10, org.springframework.security.web.savedrequest.RequestCacheAwareFilter@54e63f7c, org.springframework.security.web.servletapi.SecurityContextHolderAwareRequestFilter@74f1e112, org.springframework.security.web.authentication.AnonymousAuthenticationFilter@5642cd03, org.springframework.security.web.session.SessionManagementFilter@1dd36967, org.springframework.security.web.access.ExceptionTranslationFilter@2d28114b, org.springframework.security.web.access.intercept.AuthorizationFilter@32514766]
2023-09-13 11:33:20 [main] INFO  : Starting ProtocolHandler ["http-nio-8080"]
2023-09-13 11:33:20 [main] INFO  : Tomcat started on port(s): 8080 (http) with context path ''
2023-09-13 11:33:20 [main] INFO  : Started CafeManagementSystemApplication in 12.526 seconds (process running for 13.635)
2023-09-13 11:33:20 [http-nio-8080-exec-1] INFO  : Initializing Spring DispatcherServlet 'dispatcherServlet'
2023-09-13 11:33:20 [http-nio-8080-exec-1] INFO  : Initializing Servlet 'dispatcherServlet'
2023-09-13 11:33:20 [http-nio-8080-exec-1] INFO  : Completed initialization in 2 ms
2023-09-13 11:33:34 [http-nio-8080-exec-9] INFO  : Init duration for springdoc-openapi is: 1290 ms
2023-09-13 11:38:49 [http-nio-8080-exec-5] WARN  : No mapping for GET /swagger-resources
2023-09-13 14:22:24 [HikariPool-1 housekeeper] WARN  : HikariPool-1 - Thread starvation or clock leap detected (housekeeper delta=2h19m15s329ms595µs400ns).
2023-09-13 14:29:22 [SpringApplicationShutdownHook] INFO  : Closing JPA EntityManagerFactory for persistence unit 'default'
2023-09-13 14:29:22 [SpringApplicationShutdownHook] INFO  : HikariPool-1 - Shutdown initiated...
2023-09-13 14:29:22 [SpringApplicationShutdownHook] INFO  : HikariPool-1 - Shutdown completed.
2023-09-13 14:29:45 [main] INFO  : Starting CafeManagementSystemApplication using Java 17.0.8 with PID 19524 (C:\Users\ThinkPad\IdeaProjects\SpringBoot\CafeManagementSystem\target\classes started by ThinkPad in C:\Users\ThinkPad\IdeaProjects\SpringBoot\CafeManagementSystem)
2023-09-13 14:29:45 [main] INFO  : No active profile set, falling back to 1 default profile: "default"
2023-09-13 14:29:47 [main] INFO  : Bootstrapping Spring Data JPA repositories in DEFAULT mode.
2023-09-13 14:29:48 [main] INFO  : Finished Spring Data repository scanning in 141 ms. Found 5 JPA repository interfaces.
2023-09-13 14:29:49 [main] INFO  : Tomcat initialized with port(s): 8080 (http)
2023-09-13 14:29:49 [main] INFO  : Initializing ProtocolHandler ["http-nio-8080"]
2023-09-13 14:29:49 [main] INFO  : Starting service [Tomcat]
2023-09-13 14:29:49 [main] INFO  : Starting Servlet engine: [Apache Tomcat/10.1.12]
2023-09-13 14:29:49 [main] INFO  : Initializing Spring embedded WebApplicationContext
2023-09-13 14:29:49 [main] INFO  : Root WebApplicationContext: initialization completed in 3357 ms
2023-09-13 14:29:49 [main] INFO  : HHH000204: Processing PersistenceUnitInfo [name: default]
2023-09-13 14:29:49 [main] INFO  : HHH000412: Hibernate ORM core version 6.2.7.Final
2023-09-13 14:29:49 [main] INFO  : HHH000406: Using bytecode reflection optimizer
2023-09-13 14:29:49 [main] INFO  : HHH000021: Bytecode provider name : bytebuddy
2023-09-13 14:29:50 [main] INFO  : No LoadTimeWeaver setup: ignoring JPA class transformer
2023-09-13 14:29:50 [main] INFO  : HikariPool-1 - Starting...
2023-09-13 14:29:50 [main] INFO  : HikariPool-1 - Added connection org.postgresql.jdbc.PgConnection@254e9709
2023-09-13 14:29:50 [main] INFO  : HikariPool-1 - Start completed.
2023-09-13 14:29:51 [main] INFO  : HHH000021: Bytecode provider name : bytebuddy
2023-09-13 14:29:54 [main] INFO  : HHH000490: Using JtaPlatform implementation: [org.hibernate.engine.transaction.jta.platform.internal.NoJtaPlatform]
2023-09-13 14:29:54 [main] INFO  : Initialized JPA EntityManagerFactory for persistence unit 'default'
2023-09-13 14:29:55 [main] INFO  : Hibernate is in classpath; If applicable, HQL parser will be used.
2023-09-13 14:29:58 [main] WARN  : spring.jpa.open-in-view is enabled by default. Therefore, database queries may be performed during view rendering. Explicitly configure spring.jpa.open-in-view to disable this warning
2023-09-13 14:30:00 [main] INFO  : Will secure any request with [org.springframework.security.web.session.DisableEncodeUrlFilter@412bb41f, org.springframework.security.web.context.request.async.WebAsyncManagerIntegrationFilter@446dbf7b, org.springframework.security.web.context.SecurityContextHolderFilter@6559cbdd, org.springframework.security.web.header.HeaderWriterFilter@17e03804, org.springframework.web.filter.CorsFilter@1cb09347, org.springframework.security.web.authentication.logout.LogoutFilter@72426ced, com.example.cafemanagementsystem.jwt.JwtAuthenticationFilter@2f98fe6f, org.springframework.security.web.savedrequest.RequestCacheAwareFilter@52b53172, org.springframework.security.web.servletapi.SecurityContextHolderAwareRequestFilter@3343997b, org.springframework.security.web.authentication.AnonymousAuthenticationFilter@673218b2, org.springframework.security.web.session.SessionManagementFilter@15c042fc, org.springframework.security.web.access.ExceptionTranslationFilter@2c6b36d7, org.springframework.security.web.access.intercept.AuthorizationFilter@3b87c881]
2023-09-13 14:30:02 [main] INFO  : Starting ProtocolHandler ["http-nio-8080"]
2023-09-13 14:30:02 [main] INFO  : Tomcat started on port(s): 8080 (http) with context path ''
2023-09-13 14:30:02 [main] INFO  : Started CafeManagementSystemApplication in 17.399 seconds (process running for 19.362)
2023-09-13 14:31:47 [http-nio-8080-exec-1] INFO  : Initializing Spring DispatcherServlet 'dispatcherServlet'
2023-09-13 14:31:47 [http-nio-8080-exec-1] INFO  : Initializing Servlet 'dispatcherServlet'
2023-09-13 14:31:47 [http-nio-8080-exec-1] INFO  : Completed initialization in 29 ms
2023-09-13 14:31:55 [http-nio-8080-exec-9] INFO  : Init duration for springdoc-openapi is: 810 ms
2023-09-13 14:35:44 [SpringApplicationShutdownHook] INFO  : Closing JPA EntityManagerFactory for persistence unit 'default'
2023-09-13 14:35:44 [SpringApplicationShutdownHook] INFO  : HikariPool-1 - Shutdown initiated...
2023-09-13 14:35:44 [SpringApplicationShutdownHook] INFO  : HikariPool-1 - Shutdown completed.
2023-09-13 14:35:56 [main] INFO  : Starting CafeManagementSystemApplication using Java 17.0.8 with PID 16852 (C:\Users\ThinkPad\IdeaProjects\SpringBoot\CafeManagementSystem\target\classes started by ThinkPad in C:\Users\ThinkPad\IdeaProjects\SpringBoot\CafeManagementSystem)
2023-09-13 14:35:56 [main] INFO  : No active profile set, falling back to 1 default profile: "default"
2023-09-13 14:35:57 [main] INFO  : Bootstrapping Spring Data JPA repositories in DEFAULT mode.
2023-09-13 14:35:57 [main] INFO  : Finished Spring Data repository scanning in 137 ms. Found 5 JPA repository interfaces.
2023-09-13 14:35:58 [main] INFO  : Tomcat initialized with port(s): 8080 (http)
2023-09-13 14:35:58 [main] INFO  : Initializing ProtocolHandler ["http-nio-8080"]
2023-09-13 14:35:58 [main] INFO  : Starting service [Tomcat]
2023-09-13 14:35:58 [main] INFO  : Starting Servlet engine: [Apache Tomcat/10.1.12]
2023-09-13 14:35:58 [main] INFO  : Initializing Spring embedded WebApplicationContext
2023-09-13 14:35:58 [main] INFO  : Root WebApplicationContext: initialization completed in 2555 ms
2023-09-13 14:35:58 [main] INFO  : HHH000204: Processing PersistenceUnitInfo [name: default]
2023-09-13 14:35:59 [main] INFO  : HHH000412: Hibernate ORM core version 6.2.7.Final
2023-09-13 14:35:59 [main] INFO  : HHH000406: Using bytecode reflection optimizer
2023-09-13 14:35:59 [main] INFO  : HHH000021: Bytecode provider name : bytebuddy
2023-09-13 14:35:59 [main] INFO  : No LoadTimeWeaver setup: ignoring JPA class transformer
2023-09-13 14:35:59 [main] INFO  : HikariPool-1 - Starting...
2023-09-13 14:35:59 [main] INFO  : HikariPool-1 - Added connection org.postgresql.jdbc.PgConnection@18db3b3c
2023-09-13 14:35:59 [main] INFO  : HikariPool-1 - Start completed.
2023-09-13 14:36:00 [main] INFO  : HHH000021: Bytecode provider name : bytebuddy
2023-09-13 14:36:01 [main] INFO  : HHH000490: Using JtaPlatform implementation: [org.hibernate.engine.transaction.jta.platform.internal.NoJtaPlatform]
2023-09-13 14:36:02 [main] INFO  : Initialized JPA EntityManagerFactory for persistence unit 'default'
2023-09-13 14:36:02 [main] INFO  : Hibernate is in classpath; If applicable, HQL parser will be used.
2023-09-13 14:36:03 [main] WARN  : spring.jpa.open-in-view is enabled by default. Therefore, database queries may be performed during view rendering. Explicitly configure spring.jpa.open-in-view to disable this warning
2023-09-13 14:36:04 [main] INFO  : Will secure any request with [org.springframework.security.web.session.DisableEncodeUrlFilter@5fe5f2f0, org.springframework.security.web.context.request.async.WebAsyncManagerIntegrationFilter@7d28d525, org.springframework.security.web.context.SecurityContextHolderFilter@7e5b449c, org.springframework.security.web.header.HeaderWriterFilter@7731fb94, org.springframework.web.filter.CorsFilter@4873c645, org.springframework.security.web.authentication.logout.LogoutFilter@1cb09347, com.example.cafemanagementsystem.jwt.JwtAuthenticationFilter@5cff6d1d, org.springframework.security.web.savedrequest.RequestCacheAwareFilter@7e1f88e2, org.springframework.security.web.servletapi.SecurityContextHolderAwareRequestFilter@57f076bd, org.springframework.security.web.authentication.AnonymousAuthenticationFilter@7e7e34ef, org.springframework.security.web.session.SessionManagementFilter@1e32a3ed, org.springframework.security.web.access.ExceptionTranslationFilter@52b53172, org.springframework.security.web.access.intercept.AuthorizationFilter@267093ea]
2023-09-13 14:36:05 [main] INFO  : Starting ProtocolHandler ["http-nio-8080"]
2023-09-13 14:36:05 [main] INFO  : Tomcat started on port(s): 8080 (http) with context path ''
2023-09-13 14:36:05 [main] INFO  : Started CafeManagementSystemApplication in 9.912 seconds (process running for 11.433)
2023-09-13 14:36:08 [http-nio-8080-exec-2] INFO  : Initializing Spring DispatcherServlet 'dispatcherServlet'
2023-09-13 14:36:08 [http-nio-8080-exec-2] INFO  : Initializing Servlet 'dispatcherServlet'
2023-09-13 14:36:08 [http-nio-8080-exec-2] INFO  : Completed initialization in 3 ms
2023-09-13 14:36:19 [http-nio-8080-exec-9] INFO  : Init duration for springdoc-openapi is: 1095 ms
2023-09-13 14:36:50 [http-nio-8080-exec-6] INFO  : Inside signup()
2023-09-13 14:36:50 [http-nio-8080-exec-6] INFO  : Inside validateSignUpMap()
2023-09-13 14:36:51 [http-nio-8080-exec-6] INFO  : Inside getUserFromMap()
2023-09-13 14:38:55 [http-nio-8080-exec-3] INFO  : Inside signup()
2023-09-13 14:38:55 [http-nio-8080-exec-3] INFO  : Inside validateSignUpMap()
2023-09-13 14:42:32 [http-nio-8080-exec-2] INFO  : Inside signup()
2023-09-13 14:42:32 [http-nio-8080-exec-2] INFO  : Inside validateSignUpMap()
2023-09-13 14:42:36 [http-nio-8080-exec-10] INFO  : Inside signup()
2023-09-13 14:42:36 [http-nio-8080-exec-10] INFO  : Inside validateSignUpMap()
2023-09-13 14:42:36 [http-nio-8080-exec-10] INFO  : Inside getUserFromMap()
2023-09-13 14:43:01 [http-nio-8080-exec-1] INFO  : Inside signup()
2023-09-13 14:43:01 [http-nio-8080-exec-1] INFO  : Inside validateSignUpMap()
2023-09-13 14:44:00 [SpringApplicationShutdownHook] INFO  : Closing JPA EntityManagerFactory for persistence unit 'default'
2023-09-13 14:44:00 [SpringApplicationShutdownHook] INFO  : HikariPool-1 - Shutdown initiated...
2023-09-13 14:44:00 [SpringApplicationShutdownHook] INFO  : HikariPool-1 - Shutdown completed.
2023-09-13 14:44:11 [main] INFO  : Starting CafeManagementSystemApplication using Java 17.0.8 with PID 14044 (C:\Users\ThinkPad\IdeaProjects\SpringBoot\CafeManagementSystem\target\classes started by ThinkPad in C:\Users\ThinkPad\IdeaProjects\SpringBoot\CafeManagementSystem)
2023-09-13 14:44:11 [main] INFO  : No active profile set, falling back to 1 default profile: "default"
2023-09-13 14:44:12 [main] INFO  : Bootstrapping Spring Data JPA repositories in DEFAULT mode.
2023-09-13 14:44:12 [main] INFO  : Finished Spring Data repository scanning in 158 ms. Found 5 JPA repository interfaces.
2023-09-13 14:44:13 [main] INFO  : Tomcat initialized with port(s): 8080 (http)
2023-09-13 14:44:13 [main] INFO  : Initializing ProtocolHandler ["http-nio-8080"]
2023-09-13 14:44:13 [main] INFO  : Starting service [Tomcat]
2023-09-13 14:44:13 [main] INFO  : Starting Servlet engine: [Apache Tomcat/10.1.12]
2023-09-13 14:44:14 [main] INFO  : Initializing Spring embedded WebApplicationContext
2023-09-13 14:44:14 [main] INFO  : Root WebApplicationContext: initialization completed in 2825 ms
2023-09-13 14:44:14 [main] INFO  : HHH000204: Processing PersistenceUnitInfo [name: default]
2023-09-13 14:44:14 [main] INFO  : HHH000412: Hibernate ORM core version 6.2.7.Final
2023-09-13 14:44:14 [main] INFO  : HHH000406: Using bytecode reflection optimizer
2023-09-13 14:44:14 [main] INFO  : HHH000021: Bytecode provider name : bytebuddy
2023-09-13 14:44:15 [main] INFO  : No LoadTimeWeaver setup: ignoring JPA class transformer
2023-09-13 14:44:15 [main] INFO  : HikariPool-1 - Starting...
2023-09-13 14:44:15 [main] INFO  : HikariPool-1 - Added connection org.postgresql.jdbc.PgConnection@147c00aa
2023-09-13 14:44:15 [main] INFO  : HikariPool-1 - Start completed.
2023-09-13 14:44:16 [main] INFO  : HHH000021: Bytecode provider name : bytebuddy
2023-09-13 14:44:17 [main] INFO  : HHH000490: Using JtaPlatform implementation: [org.hibernate.engine.transaction.jta.platform.internal.NoJtaPlatform]
2023-09-13 14:44:17 [main] INFO  : Initialized JPA EntityManagerFactory for persistence unit 'default'
2023-09-13 14:44:17 [main] INFO  : Hibernate is in classpath; If applicable, HQL parser will be used.
2023-09-13 14:44:18 [main] WARN  : spring.jpa.open-in-view is enabled by default. Therefore, database queries may be performed during view rendering. Explicitly configure spring.jpa.open-in-view to disable this warning
2023-09-13 14:44:19 [main] INFO  : Will secure any request with [org.springframework.security.web.session.DisableEncodeUrlFilter@762261fd, org.springframework.security.web.context.request.async.WebAsyncManagerIntegrationFilter@7b0d42b6, org.springframework.security.web.context.SecurityContextHolderFilter@3d3709d0, org.springframework.security.web.header.HeaderWriterFilter@4f86cd50, org.springframework.web.filter.CorsFilter@179af25f, org.springframework.security.web.authentication.logout.LogoutFilter@a43a21e, com.example.cafemanagementsystem.jwt.JwtAuthenticationFilter@7d0312a, org.springframework.security.web.savedrequest.RequestCacheAwareFilter@578081e5, org.springframework.security.web.servletapi.SecurityContextHolderAwareRequestFilter@4f93816d, org.springframework.security.web.authentication.AnonymousAuthenticationFilter@6a73f164, org.springframework.security.web.session.SessionManagementFilter@79f14c56, org.springframework.security.web.access.ExceptionTranslationFilter@7508912e, org.springframework.security.web.access.intercept.AuthorizationFilter@79de9f90]
2023-09-13 14:44:20 [main] INFO  : Starting ProtocolHandler ["http-nio-8080"]
2023-09-13 14:44:20 [main] INFO  : Tomcat started on port(s): 8080 (http) with context path ''
2023-09-13 14:44:20 [main] INFO  : Started CafeManagementSystemApplication in 9.62 seconds (process running for 11.009)
2023-09-13 14:44:24 [http-nio-8080-exec-1] INFO  : Initializing Spring DispatcherServlet 'dispatcherServlet'
2023-09-13 14:44:24 [http-nio-8080-exec-1] INFO  : Initializing Servlet 'dispatcherServlet'
2023-09-13 14:44:24 [http-nio-8080-exec-1] INFO  : Completed initialization in 3 ms
2023-09-13 14:44:32 [http-nio-8080-exec-9] INFO  : Init duration for springdoc-openapi is: 1119 ms
2023-09-13 14:52:16 [HikariPool-1 housekeeper] WARN  : HikariPool-1 - Thread starvation or clock leap detected (housekeeper delta=2m1s267ms583µs).
2023-09-13 14:54:38 [SpringApplicationShutdownHook] INFO  : Closing JPA EntityManagerFactory for persistence unit 'default'
2023-09-13 14:54:38 [SpringApplicationShutdownHook] INFO  : HikariPool-1 - Shutdown initiated...
2023-09-13 14:54:38 [SpringApplicationShutdownHook] INFO  : HikariPool-1 - Shutdown completed.
2023-09-13 14:54:49 [main] INFO  : Starting CafeManagementSystemApplication using Java 17.0.8 with PID 15536 (C:\Users\ThinkPad\IdeaProjects\SpringBoot\CafeManagementSystem\target\classes started by ThinkPad in C:\Users\ThinkPad\IdeaProjects\SpringBoot\CafeManagementSystem)
2023-09-13 14:54:49 [main] INFO  : No active profile set, falling back to 1 default profile: "default"
2023-09-13 14:54:50 [main] INFO  : Bootstrapping Spring Data JPA repositories in DEFAULT mode.
2023-09-13 14:54:50 [main] INFO  : Finished Spring Data repository scanning in 241 ms. Found 5 JPA repository interfaces.
2023-09-13 14:54:52 [main] INFO  : Tomcat initialized with port(s): 8080 (http)
2023-09-13 14:54:52 [main] INFO  : Initializing ProtocolHandler ["http-nio-8080"]
2023-09-13 14:54:52 [main] INFO  : Starting service [Tomcat]
2023-09-13 14:54:52 [main] INFO  : Starting Servlet engine: [Apache Tomcat/10.1.12]
2023-09-13 14:54:52 [main] INFO  : Initializing Spring embedded WebApplicationContext
2023-09-13 14:54:52 [main] INFO  : Root WebApplicationContext: initialization completed in 3628 ms
2023-09-13 14:54:52 [main] INFO  : HHH000204: Processing PersistenceUnitInfo [name: default]
2023-09-13 14:54:53 [main] INFO  : HHH000412: Hibernate ORM core version 6.2.7.Final
2023-09-13 14:54:53 [main] INFO  : HHH000406: Using bytecode reflection optimizer
2023-09-13 14:54:53 [main] INFO  : HHH000021: Bytecode provider name : bytebuddy
2023-09-13 14:54:54 [main] INFO  : No LoadTimeWeaver setup: ignoring JPA class transformer
2023-09-13 14:54:54 [main] INFO  : HikariPool-1 - Starting...
2023-09-13 14:54:54 [main] INFO  : HikariPool-1 - Added connection org.postgresql.jdbc.PgConnection@1a89414e
2023-09-13 14:54:54 [main] INFO  : HikariPool-1 - Start completed.
2023-09-13 14:54:55 [main] INFO  : HHH000021: Bytecode provider name : bytebuddy
2023-09-13 14:54:57 [main] INFO  : HHH000490: Using JtaPlatform implementation: [org.hibernate.engine.transaction.jta.platform.internal.NoJtaPlatform]
2023-09-13 14:54:57 [main] INFO  : Initialized JPA EntityManagerFactory for persistence unit 'default'
2023-09-13 14:54:57 [main] INFO  : Hibernate is in classpath; If applicable, HQL parser will be used.
2023-09-13 14:54:58 [main] WARN  : spring.jpa.open-in-view is enabled by default. Therefore, database queries may be performed during view rendering. Explicitly configure spring.jpa.open-in-view to disable this warning
2023-09-13 14:54:59 [main] INFO  : Will secure any request with [org.springframework.security.web.session.DisableEncodeUrlFilter@2b778004, org.springframework.security.web.context.request.async.WebAsyncManagerIntegrationFilter@7e5b449c, org.springframework.security.web.context.SecurityContextHolderFilter@5bf86398, org.springframework.security.web.header.HeaderWriterFilter@6f8fa77a, org.springframework.web.filter.CorsFilter@75fdbd71, org.springframework.security.web.authentication.logout.LogoutFilter@7219a228, com.example.cafemanagementsystem.jwt.JwtAuthenticationFilter@147aceec, org.springframework.security.web.savedrequest.RequestCacheAwareFilter@4c683777, org.springframework.security.web.servletapi.SecurityContextHolderAwareRequestFilter@3ab2d64c, org.springframework.security.web.authentication.AnonymousAuthenticationFilter@7e1f88e2, org.springframework.security.web.session.SessionManagementFilter@69e3e1d9, org.springframework.security.web.access.ExceptionTranslationFilter@457f43a2, org.springframework.security.web.access.intercept.AuthorizationFilter@fbb585e]
2023-09-13 14:55:00 [main] INFO  : Starting ProtocolHandler ["http-nio-8080"]
2023-09-13 14:55:00 [main] INFO  : Tomcat started on port(s): 8080 (http) with context path ''
2023-09-13 14:55:00 [main] INFO  : Started CafeManagementSystemApplication in 12.128 seconds (process running for 13.592)
2023-09-13 15:22:28 [SpringApplicationShutdownHook] INFO  : Closing JPA EntityManagerFactory for persistence unit 'default'
2023-09-13 15:22:28 [SpringApplicationShutdownHook] INFO  : HikariPool-1 - Shutdown initiated...
2023-09-13 15:22:28 [SpringApplicationShutdownHook] INFO  : HikariPool-1 - Shutdown completed.
2023-09-13 15:22:40 [main] INFO  : Starting CafeManagementSystemApplication using Java 17.0.8 with PID 20240 (C:\Users\ThinkPad\IdeaProjects\SpringBoot\CafeManagementSystem\target\classes started by ThinkPad in C:\Users\ThinkPad\IdeaProjects\SpringBoot\CafeManagementSystem)
2023-09-13 15:22:40 [main] INFO  : No active profile set, falling back to 1 default profile: "default"
2023-09-13 15:22:42 [main] INFO  : Bootstrapping Spring Data JPA repositories in DEFAULT mode.
2023-09-13 15:22:42 [main] INFO  : Finished Spring Data repository scanning in 144 ms. Found 5 JPA repository interfaces.
2023-09-13 15:22:43 [main] INFO  : Tomcat initialized with port(s): 8080 (http)
2023-09-13 15:22:43 [main] INFO  : Initializing ProtocolHandler ["http-nio-8080"]
2023-09-13 15:22:43 [main] INFO  : Starting service [Tomcat]
2023-09-13 15:22:43 [main] INFO  : Starting Servlet engine: [Apache Tomcat/10.1.12]
2023-09-13 15:22:43 [main] INFO  : Initializing Spring embedded WebApplicationContext
2023-09-13 15:22:43 [main] INFO  : Root WebApplicationContext: initialization completed in 2865 ms
2023-09-13 15:22:43 [main] INFO  : HHH000204: Processing PersistenceUnitInfo [name: default]
2023-09-13 15:22:43 [main] INFO  : HHH000412: Hibernate ORM core version 6.2.7.Final
2023-09-13 15:22:43 [main] INFO  : HHH000406: Using bytecode reflection optimizer
2023-09-13 15:22:44 [main] INFO  : HHH000021: Bytecode provider name : bytebuddy
2023-09-13 15:22:44 [main] INFO  : No LoadTimeWeaver setup: ignoring JPA class transformer
2023-09-13 15:22:44 [main] INFO  : HikariPool-1 - Starting...
2023-09-13 15:22:45 [main] INFO  : HikariPool-1 - Added connection org.postgresql.jdbc.PgConnection@44492c06
2023-09-13 15:22:45 [main] INFO  : HikariPool-1 - Start completed.
2023-09-13 15:22:45 [main] INFO  : HHH000021: Bytecode provider name : bytebuddy
2023-09-13 15:22:48 [main] INFO  : HHH000490: Using JtaPlatform implementation: [org.hibernate.engine.transaction.jta.platform.internal.NoJtaPlatform]
2023-09-13 15:22:48 [main] INFO  : Initialized JPA EntityManagerFactory for persistence unit 'default'
2023-09-13 15:22:49 [main] INFO  : Hibernate is in classpath; If applicable, HQL parser will be used.
2023-09-13 15:22:52 [main] WARN  : spring.jpa.open-in-view is enabled by default. Therefore, database queries may be performed during view rendering. Explicitly configure spring.jpa.open-in-view to disable this warning
2023-09-13 15:22:54 [main] INFO  : Will secure any request with [org.springframework.security.web.session.DisableEncodeUrlFilter@64230d44, org.springframework.security.web.context.request.async.WebAsyncManagerIntegrationFilter@1ff584d7, org.springframework.security.web.context.SecurityContextHolderFilter@2e7a6dcd, org.springframework.security.web.header.HeaderWriterFilter@ebe3561, org.springframework.web.filter.CorsFilter@7752f9fe, org.springframework.security.web.authentication.logout.LogoutFilter@24afdf18, com.example.cafemanagementsystem.jwt.JwtAuthenticationFilter@315365ef, org.springframework.security.web.savedrequest.RequestCacheAwareFilter@7b0d42b6, org.springframework.security.web.servletapi.SecurityContextHolderAwareRequestFilter@1e32a3ed, org.springframework.security.web.authentication.AnonymousAuthenticationFilter@9588bd8, org.springframework.security.web.session.SessionManagementFilter@14b3976, org.springframework.security.web.access.ExceptionTranslationFilter@1ececb56, org.springframework.security.web.access.intercept.AuthorizationFilter@3d28c0af]
2023-09-13 15:22:55 [main] INFO  : Starting ProtocolHandler ["http-nio-8080"]
2023-09-13 15:22:55 [main] INFO  : Tomcat started on port(s): 8080 (http) with context path ''
2023-09-13 15:22:55 [main] INFO  : Started CafeManagementSystemApplication in 15.855 seconds (process running for 17.397)
2023-09-13 15:23:13 [http-nio-8080-exec-1] INFO  : Initializing Spring DispatcherServlet 'dispatcherServlet'
2023-09-13 15:23:13 [http-nio-8080-exec-1] INFO  : Initializing Servlet 'dispatcherServlet'
2023-09-13 15:23:13 [http-nio-8080-exec-1] INFO  : Completed initialization in 3 ms
2023-09-13 15:23:17 [http-nio-8080-exec-8] INFO  : Init duration for springdoc-openapi is: 1319 ms
2023-09-13 15:25:24 [SpringApplicationShutdownHook] INFO  : Closing JPA EntityManagerFactory for persistence unit 'default'
2023-09-13 15:25:24 [SpringApplicationShutdownHook] INFO  : HikariPool-1 - Shutdown initiated...
2023-09-13 15:25:24 [SpringApplicationShutdownHook] INFO  : HikariPool-1 - Shutdown completed.
2023-09-13 15:25:32 [main] INFO  : Starting CafeManagementSystemApplication using Java 17.0.8 with PID 3500 (C:\Users\ThinkPad\IdeaProjects\SpringBoot\CafeManagementSystem\target\classes started by ThinkPad in C:\Users\ThinkPad\IdeaProjects\SpringBoot\CafeManagementSystem)
2023-09-13 15:25:32 [main] INFO  : No active profile set, falling back to 1 default profile: "default"
2023-09-13 15:25:34 [main] INFO  : Bootstrapping Spring Data JPA repositories in DEFAULT mode.
2023-09-13 15:25:34 [main] INFO  : Finished Spring Data repository scanning in 109 ms. Found 5 JPA repository interfaces.
2023-09-13 15:25:35 [main] INFO  : Tomcat initialized with port(s): 8080 (http)
2023-09-13 15:25:35 [main] INFO  : Initializing ProtocolHandler ["http-nio-8080"]
2023-09-13 15:25:35 [main] INFO  : Starting service [Tomcat]
2023-09-13 15:25:35 [main] INFO  : Starting Servlet engine: [Apache Tomcat/10.1.12]
2023-09-13 15:25:35 [main] INFO  : Initializing Spring embedded WebApplicationContext
2023-09-13 15:25:35 [main] INFO  : Root WebApplicationContext: initialization completed in 2263 ms
2023-09-13 15:25:35 [main] INFO  : HHH000204: Processing PersistenceUnitInfo [name: default]
2023-09-13 15:25:35 [main] INFO  : HHH000412: Hibernate ORM core version 6.2.7.Final
2023-09-13 15:25:35 [main] INFO  : HHH000406: Using bytecode reflection optimizer
2023-09-13 15:25:35 [main] INFO  : HHH000021: Bytecode provider name : bytebuddy
2023-09-13 15:25:35 [main] INFO  : No LoadTimeWeaver setup: ignoring JPA class transformer
2023-09-13 15:25:35 [main] INFO  : HikariPool-1 - Starting...
2023-09-13 15:25:36 [main] INFO  : HikariPool-1 - Added connection org.postgresql.jdbc.PgConnection@5d37aa0f
2023-09-13 15:25:36 [main] INFO  : HikariPool-1 - Start completed.
2023-09-13 15:25:36 [main] INFO  : HHH000021: Bytecode provider name : bytebuddy
2023-09-13 15:25:37 [main] INFO  : HHH000490: Using JtaPlatform implementation: [org.hibernate.engine.transaction.jta.platform.internal.NoJtaPlatform]
2023-09-13 15:25:37 [main] INFO  : Initialized JPA EntityManagerFactory for persistence unit 'default'
2023-09-13 15:25:38 [main] INFO  : Hibernate is in classpath; If applicable, HQL parser will be used.
2023-09-13 15:25:38 [main] WARN  : spring.jpa.open-in-view is enabled by default. Therefore, database queries may be performed during view rendering. Explicitly configure spring.jpa.open-in-view to disable this warning
2023-09-13 15:25:39 [main] INFO  : Will secure any request with [org.springframework.security.web.session.DisableEncodeUrlFilter@72426ced, org.springframework.security.web.context.request.async.WebAsyncManagerIntegrationFilter@37ddb835, org.springframework.security.web.context.SecurityContextHolderFilter@2c6b36d7, org.springframework.security.web.header.HeaderWriterFilter@4c683777, org.springframework.web.filter.CorsFilter@42b4cce1, org.springframework.security.web.authentication.logout.LogoutFilter@2b778004, com.example.cafemanagementsystem.jwt.JwtAuthenticationFilter@36c1b6ff, org.springframework.security.web.savedrequest.RequestCacheAwareFilter@17e03804, org.springframework.security.web.servletapi.SecurityContextHolderAwareRequestFilter@e7423bb, org.springframework.security.web.authentication.AnonymousAuthenticationFilter@67f8586f, org.springframework.security.web.session.SessionManagementFilter@61fe5253, org.springframework.security.web.access.ExceptionTranslationFilter@5bf86398, org.springframework.security.web.access.intercept.AuthorizationFilter@355e1080]
2023-09-13 15:25:39 [main] INFO  : Starting ProtocolHandler ["http-nio-8080"]
2023-09-13 15:25:39 [main] INFO  : Tomcat started on port(s): 8080 (http) with context path ''
2023-09-13 15:25:39 [main] INFO  : Started CafeManagementSystemApplication in 7.56 seconds (process running for 8.838)
2023-09-13 15:25:51 [http-nio-8080-exec-1] INFO  : Initializing Spring DispatcherServlet 'dispatcherServlet'
2023-09-13 15:25:51 [http-nio-8080-exec-1] INFO  : Initializing Servlet 'dispatcherServlet'
2023-09-13 15:25:51 [http-nio-8080-exec-1] INFO  : Completed initialization in 5 ms
2023-09-13 15:25:54 [http-nio-8080-exec-3] INFO  : Init duration for springdoc-openapi is: 1037 ms
2023-09-13 15:48:04 [HikariPool-1 housekeeper] WARN  : HikariPool-1 - Thread starvation or clock leap detected (housekeeper delta=57s990ms501µs700ns).
2023-09-13 16:10:15 [SpringApplicationShutdownHook] INFO  : Closing JPA EntityManagerFactory for persistence unit 'default'
2023-09-13 16:10:15 [SpringApplicationShutdownHook] INFO  : HikariPool-1 - Shutdown initiated...
2023-09-13 16:10:15 [SpringApplicationShutdownHook] INFO  : HikariPool-1 - Shutdown completed.
2023-09-13 16:10:39 [main] INFO  : Starting CafeManagementSystemApplication using Java 17.0.8 with PID 8944 (C:\Users\ThinkPad\IdeaProjects\SpringBoot\CafeManagementSystem\target\classes started by ThinkPad in C:\Users\ThinkPad\IdeaProjects\SpringBoot\CafeManagementSystem)
2023-09-13 16:10:39 [main] INFO  : No active profile set, falling back to 1 default profile: "default"
2023-09-13 16:10:42 [main] INFO  : Bootstrapping Spring Data JPA repositories in DEFAULT mode.
2023-09-13 16:10:42 [main] INFO  : Finished Spring Data repository scanning in 301 ms. Found 5 JPA repository interfaces.
2023-09-13 16:10:45 [main] INFO  : Tomcat initialized with port(s): 8080 (http)
2023-09-13 16:10:45 [main] INFO  : Initializing ProtocolHandler ["http-nio-8080"]
2023-09-13 16:10:45 [main] INFO  : Starting service [Tomcat]
2023-09-13 16:10:45 [main] INFO  : Starting Servlet engine: [Apache Tomcat/10.1.12]
2023-09-13 16:10:45 [main] INFO  : Initializing Spring embedded WebApplicationContext
2023-09-13 16:10:45 [main] INFO  : Root WebApplicationContext: initialization completed in 5382 ms
2023-09-13 16:10:45 [main] INFO  : HHH000204: Processing PersistenceUnitInfo [name: default]
2023-09-13 16:10:46 [main] INFO  : HHH000412: Hibernate ORM core version 6.2.7.Final
2023-09-13 16:10:46 [main] INFO  : HHH000406: Using bytecode reflection optimizer
2023-09-13 16:10:46 [main] INFO  : HHH000021: Bytecode provider name : bytebuddy
2023-09-13 16:10:47 [main] INFO  : No LoadTimeWeaver setup: ignoring JPA class transformer
2023-09-13 16:10:47 [main] INFO  : HikariPool-1 - Starting...
2023-09-13 16:10:47 [main] INFO  : HikariPool-1 - Added connection org.postgresql.jdbc.PgConnection@254e9709
2023-09-13 16:10:47 [main] INFO  : HikariPool-1 - Start completed.
2023-09-13 16:10:49 [main] INFO  : HHH000021: Bytecode provider name : bytebuddy
2023-09-13 16:10:51 [main] INFO  : HHH000490: Using JtaPlatform implementation: [org.hibernate.engine.transaction.jta.platform.internal.NoJtaPlatform]
2023-09-13 16:10:52 [main] INFO  : Initialized JPA EntityManagerFactory for persistence unit 'default'
2023-09-13 16:10:53 [main] INFO  : Hibernate is in classpath; If applicable, HQL parser will be used.
2023-09-13 16:10:55 [main] WARN  : spring.jpa.open-in-view is enabled by default. Therefore, database queries may be performed during view rendering. Explicitly configure spring.jpa.open-in-view to disable this warning
2023-09-13 16:10:57 [main] INFO  : Will secure any request with [org.springframework.security.web.session.DisableEncodeUrlFilter@5811f080, org.springframework.security.web.context.request.async.WebAsyncManagerIntegrationFilter@355e1080, org.springframework.security.web.context.SecurityContextHolderFilter@44881fcc, org.springframework.security.web.header.HeaderWriterFilter@1ccfa4b8, org.springframework.web.filter.CorsFilter@2aef651, org.springframework.security.web.authentication.logout.LogoutFilter@6a73f164, com.example.cafemanagementsystem.jwt.JwtAuthenticationFilter@2f98fe6f, org.springframework.security.web.savedrequest.RequestCacheAwareFilter@7b2a6ed3, org.springframework.security.web.servletapi.SecurityContextHolderAwareRequestFilter@17e03804, org.springframework.security.web.authentication.AnonymousAuthenticationFilter@25000d3d, org.springframework.security.web.session.SessionManagementFilter@3f634608, org.springframework.security.web.access.ExceptionTranslationFilter@6c1f1c03, org.springframework.security.web.access.intercept.AuthorizationFilter@2d28114b]
2023-09-13 16:10:58 [main] INFO  : Starting ProtocolHandler ["http-nio-8080"]
2023-09-13 16:10:58 [main] INFO  : Tomcat started on port(s): 8080 (http) with context path ''
2023-09-13 16:10:58 [main] INFO  : Started CafeManagementSystemApplication in 19.756 seconds (process running for 21.636)
2023-09-13 16:20:15 [HikariPool-1 housekeeper] WARN  : HikariPool-1 - Thread starvation or clock leap detected (housekeeper delta=4m57s579ms878µs500ns).
2023-09-13 16:21:04 [http-nio-8080-exec-1] INFO  : Initializing Spring DispatcherServlet 'dispatcherServlet'
2023-09-13 16:21:04 [http-nio-8080-exec-1] INFO  : Initializing Servlet 'dispatcherServlet'
2023-09-13 16:21:04 [http-nio-8080-exec-1] INFO  : Completed initialization in 3 ms
2023-09-13 16:21:09 [http-nio-8080-exec-9] INFO  : Init duration for springdoc-openapi is: 1389 ms
2023-09-13 16:31:56 [SpringApplicationShutdownHook] INFO  : Closing JPA EntityManagerFactory for persistence unit 'default'
2023-09-13 16:31:56 [SpringApplicationShutdownHook] INFO  : HikariPool-1 - Shutdown initiated...
2023-09-13 16:31:56 [SpringApplicationShutdownHook] INFO  : HikariPool-1 - Shutdown completed.
2023-09-13 16:32:09 [main] INFO  : Starting CafeManagementSystemApplication using Java 17.0.8 with PID 8148 (C:\Users\ThinkPad\IdeaProjects\SpringBoot\CafeManagementSystem\target\classes started by ThinkPad in C:\Users\ThinkPad\IdeaProjects\SpringBoot\CafeManagementSystem)
2023-09-13 16:32:09 [main] INFO  : No active profile set, falling back to 1 default profile: "default"
2023-09-13 16:32:11 [main] INFO  : Bootstrapping Spring Data JPA repositories in DEFAULT mode.
2023-09-13 16:32:12 [main] INFO  : Finished Spring Data repository scanning in 394 ms. Found 5 JPA repository interfaces.
2023-09-13 16:32:14 [main] INFO  : Tomcat initialized with port(s): 8080 (http)
2023-09-13 16:32:14 [main] INFO  : Initializing ProtocolHandler ["http-nio-8080"]
2023-09-13 16:32:14 [main] INFO  : Starting service [Tomcat]
2023-09-13 16:32:14 [main] INFO  : Starting Servlet engine: [Apache Tomcat/10.1.12]
2023-09-13 16:32:14 [main] INFO  : Initializing Spring embedded WebApplicationContext
2023-09-13 16:32:14 [main] INFO  : Root WebApplicationContext: initialization completed in 5319 ms
2023-09-13 16:32:15 [main] INFO  : HHH000204: Processing PersistenceUnitInfo [name: default]
2023-09-13 16:32:15 [main] INFO  : HHH000412: Hibernate ORM core version 6.2.7.Final
2023-09-13 16:32:15 [main] INFO  : HHH000406: Using bytecode reflection optimizer
2023-09-13 16:32:16 [main] INFO  : HHH000021: Bytecode provider name : bytebuddy
2023-09-13 16:32:16 [main] INFO  : No LoadTimeWeaver setup: ignoring JPA class transformer
2023-09-13 16:32:16 [main] INFO  : HikariPool-1 - Starting...
2023-09-13 16:32:17 [main] INFO  : HikariPool-1 - Added connection org.postgresql.jdbc.PgConnection@1a89414e
2023-09-13 16:32:17 [main] INFO  : HikariPool-1 - Start completed.
2023-09-13 16:32:18 [main] INFO  : HHH000021: Bytecode provider name : bytebuddy
2023-09-13 16:32:20 [main] INFO  : HHH000490: Using JtaPlatform implementation: [org.hibernate.engine.transaction.jta.platform.internal.NoJtaPlatform]
2023-09-13 16:32:21 [main] INFO  : Initialized JPA EntityManagerFactory for persistence unit 'default'
2023-09-13 16:32:22 [main] INFO  : Hibernate is in classpath; If applicable, HQL parser will be used.
2023-09-13 16:32:24 [main] WARN  : spring.jpa.open-in-view is enabled by default. Therefore, database queries may be performed during view rendering. Explicitly configure spring.jpa.open-in-view to disable this warning
2023-09-13 16:32:26 [main] INFO  : Will secure any request with [org.springframework.security.web.session.DisableEncodeUrlFilter@349e166, org.springframework.security.web.context.request.async.WebAsyncManagerIntegrationFilter@4bdec54, org.springframework.security.web.context.SecurityContextHolderFilter@2d6161b9, org.springframework.security.web.header.HeaderWriterFilter@7b0d42b6, org.springframework.web.filter.CorsFilter@68fd0fba, org.springframework.security.web.authentication.logout.LogoutFilter@64230d44, com.example.cafemanagementsystem.jwt.JwtAuthenticationFilter@147aceec, org.springframework.security.web.savedrequest.RequestCacheAwareFilter@79b9dfcd, org.springframework.security.web.servletapi.SecurityContextHolderAwareRequestFilter@2aef651, org.springframework.security.web.authentication.AnonymousAuthenticationFilter@3f9e38d4, org.springframework.security.web.session.SessionManagementFilter@55aabc72, org.springframework.security.web.access.ExceptionTranslationFilter@2e7a6dcd, org.springframework.security.web.access.intercept.AuthorizationFilter@35c646b5]
2023-09-13 16:32:27 [main] INFO  : Starting ProtocolHandler ["http-nio-8080"]
2023-09-13 16:32:27 [main] INFO  : Tomcat started on port(s): 8080 (http) with context path ''
2023-09-13 16:32:27 [main] INFO  : Started CafeManagementSystemApplication in 19.503 seconds (process running for 20.909)
2023-09-13 16:32:30 [http-nio-8080-exec-1] INFO  : Initializing Spring DispatcherServlet 'dispatcherServlet'
2023-09-13 16:32:30 [http-nio-8080-exec-1] INFO  : Initializing Servlet 'dispatcherServlet'
2023-09-13 16:32:30 [http-nio-8080-exec-1] INFO  : Completed initialization in 3 ms
2023-09-13 16:32:35 [http-nio-8080-exec-9] INFO  : Init duration for springdoc-openapi is: 1116 ms
2023-09-13 16:45:01 [http-nio-8080-exec-7] INFO  : Inside signup()
2023-09-13 16:45:01 [http-nio-8080-exec-7] INFO  : Inside validateSignUpMap()
2023-09-13 16:45:02 [http-nio-8080-exec-7] INFO  : Inside getUserFromMap()
2023-09-13 16:45:50 [http-nio-8080-exec-1] INFO  : Inside signup()
2023-09-13 16:45:50 [http-nio-8080-exec-1] INFO  : Inside validateSignUpMap()
2023-09-13 17:06:19 [http-nio-8080-exec-5] INFO  : Inside signup()
2023-09-13 17:06:19 [http-nio-8080-exec-5] INFO  : Inside validateSignUpMap()
2023-09-13 17:06:46 [http-nio-8080-exec-4] INFO  : Inside signup()
2023-09-13 17:06:46 [http-nio-8080-exec-4] INFO  : Inside validateSignUpMap()
2023-09-13 17:07:15 [http-nio-8080-exec-6] INFO  : Inside signup()
2023-09-13 17:07:15 [http-nio-8080-exec-6] INFO  : Inside validateSignUpMap()
2023-09-13 17:07:15 [http-nio-8080-exec-6] INFO  : Inside getUserFromMap()
2023-09-13 17:19:45 [SpringApplicationShutdownHook] INFO  : Closing JPA EntityManagerFactory for persistence unit 'default'
2023-09-13 17:19:45 [SpringApplicationShutdownHook] INFO  : HikariPool-1 - Shutdown initiated...
2023-09-13 17:19:45 [SpringApplicationShutdownHook] INFO  : HikariPool-1 - Shutdown completed.
2023-09-13 17:19:53 [main] INFO  : Starting CafeManagementSystemApplication using Java 17.0.8 with PID 20476 (C:\Users\ThinkPad\IdeaProjects\SpringBoot\CafeManagementSystem\target\classes started by ThinkPad in C:\Users\ThinkPad\IdeaProjects\SpringBoot\CafeManagementSystem)
2023-09-13 17:19:53 [main] INFO  : No active profile set, falling back to 1 default profile: "default"
2023-09-13 17:19:54 [main] INFO  : Bootstrapping Spring Data JPA repositories in DEFAULT mode.
2023-09-13 17:19:54 [main] INFO  : Finished Spring Data repository scanning in 122 ms. Found 5 JPA repository interfaces.
2023-09-13 17:19:55 [main] INFO  : Tomcat initialized with port(s): 8080 (http)
2023-09-13 17:19:55 [main] INFO  : Initializing ProtocolHandler ["http-nio-8080"]
2023-09-13 17:19:55 [main] INFO  : Starting service [Tomcat]
2023-09-13 17:19:55 [main] INFO  : Starting Servlet engine: [Apache Tomcat/10.1.12]
2023-09-13 17:19:55 [main] INFO  : Initializing Spring embedded WebApplicationContext
2023-09-13 17:19:55 [main] INFO  : Root WebApplicationContext: initialization completed in 2146 ms
2023-09-13 17:19:55 [main] INFO  : HHH000204: Processing PersistenceUnitInfo [name: default]
2023-09-13 17:19:55 [main] INFO  : HHH000412: Hibernate ORM core version 6.2.7.Final
2023-09-13 17:19:55 [main] INFO  : HHH000406: Using bytecode reflection optimizer
2023-09-13 17:19:56 [main] INFO  : HHH000021: Bytecode provider name : bytebuddy
2023-09-13 17:19:56 [main] INFO  : No LoadTimeWeaver setup: ignoring JPA class transformer
2023-09-13 17:19:56 [main] INFO  : HikariPool-1 - Starting...
2023-09-13 17:19:56 [main] INFO  : HikariPool-1 - Added connection org.postgresql.jdbc.PgConnection@20faaf77
2023-09-13 17:19:56 [main] INFO  : HikariPool-1 - Start completed.
2023-09-13 17:19:57 [main] INFO  : HHH000021: Bytecode provider name : bytebuddy
2023-09-13 17:19:58 [main] INFO  : HHH000490: Using JtaPlatform implementation: [org.hibernate.engine.transaction.jta.platform.internal.NoJtaPlatform]
2023-09-13 17:19:58 [main] INFO  : Initialized JPA EntityManagerFactory for persistence unit 'default'
2023-09-13 17:19:58 [main] INFO  : Hibernate is in classpath; If applicable, HQL parser will be used.
2023-09-13 17:20:00 [main] WARN  : spring.jpa.open-in-view is enabled by default. Therefore, database queries may be performed during view rendering. Explicitly configure spring.jpa.open-in-view to disable this warning
2023-09-13 17:20:01 [main] INFO  : Will secure any request with [org.springframework.security.web.session.DisableEncodeUrlFilter@3dd2a70d, org.springframework.security.web.context.request.async.WebAsyncManagerIntegrationFilter@7ecf001f, org.springframework.security.web.context.SecurityContextHolderFilter@7ba5d307, org.springframework.security.web.header.HeaderWriterFilter@38cd7531, org.springframework.web.filter.CorsFilter@2620f935, org.springframework.security.web.authentication.logout.LogoutFilter@42a057b6, com.example.cafemanagementsystem.jwt.JwtAuthenticationFilter@54d2887a, org.springframework.security.web.savedrequest.RequestCacheAwareFilter@4a28b6d0, org.springframework.security.web.servletapi.SecurityContextHolderAwareRequestFilter@64230d44, org.springframework.security.web.authentication.AnonymousAuthenticationFilter@6a3cb81c, org.springframework.security.web.session.SessionManagementFilter@446dbf7b, org.springframework.security.web.access.ExceptionTranslationFilter@63c6579, org.springframework.security.web.access.intercept.AuthorizationFilter@1285ec6]
2023-09-13 17:20:01 [main] INFO  : Starting ProtocolHandler ["http-nio-8080"]
2023-09-13 17:20:01 [main] INFO  : Tomcat started on port(s): 8080 (http) with context path ''
2023-09-13 17:20:01 [main] INFO  : Started CafeManagementSystemApplication in 8.784 seconds (process running for 10.007)
2023-09-13 17:20:22 [http-nio-8080-exec-1] INFO  : Initializing Spring DispatcherServlet 'dispatcherServlet'
2023-09-13 17:20:22 [http-nio-8080-exec-1] INFO  : Initializing Servlet 'dispatcherServlet'
2023-09-13 17:20:22 [http-nio-8080-exec-1] INFO  : Completed initialization in 2 ms
2023-09-13 17:20:44 [http-nio-8080-exec-3] INFO  : Init duration for springdoc-openapi is: 612 ms
2023-09-13 17:23:48 [SpringApplicationShutdownHook] INFO  : Closing JPA EntityManagerFactory for persistence unit 'default'
2023-09-13 17:23:48 [SpringApplicationShutdownHook] INFO  : HikariPool-1 - Shutdown initiated...
2023-09-13 17:23:48 [SpringApplicationShutdownHook] INFO  : HikariPool-1 - Shutdown completed.
2023-09-13 17:23:53 [main] INFO  : Starting CafeManagementSystemApplication using Java 17.0.8 with PID 136 (C:\Users\ThinkPad\IdeaProjects\SpringBoot\CafeManagementSystem\target\classes started by ThinkPad in C:\Users\ThinkPad\IdeaProjects\SpringBoot\CafeManagementSystem)
2023-09-13 17:23:53 [main] INFO  : No active profile set, falling back to 1 default profile: "default"
2023-09-13 17:23:54 [main] INFO  : Bootstrapping Spring Data JPA repositories in DEFAULT mode.
2023-09-13 17:23:54 [main] INFO  : Finished Spring Data repository scanning in 110 ms. Found 5 JPA repository interfaces.
2023-09-13 17:23:55 [main] INFO  : Tomcat initialized with port(s): 8080 (http)
2023-09-13 17:23:55 [main] INFO  : Initializing ProtocolHandler ["http-nio-8080"]
2023-09-13 17:23:55 [main] INFO  : Starting service [Tomcat]
2023-09-13 17:23:55 [main] INFO  : Starting Servlet engine: [Apache Tomcat/10.1.12]
2023-09-13 17:23:55 [main] INFO  : Initializing Spring embedded WebApplicationContext
2023-09-13 17:23:55 [main] INFO  : Root WebApplicationContext: initialization completed in 1694 ms
2023-09-13 17:23:55 [main] INFO  : HHH000204: Processing PersistenceUnitInfo [name: default]
2023-09-13 17:23:55 [main] INFO  : HHH000412: Hibernate ORM core version 6.2.7.Final
2023-09-13 17:23:55 [main] INFO  : HHH000406: Using bytecode reflection optimizer
2023-09-13 17:23:56 [main] INFO  : HHH000021: Bytecode provider name : bytebuddy
2023-09-13 17:23:56 [main] INFO  : No LoadTimeWeaver setup: ignoring JPA class transformer
2023-09-13 17:23:56 [main] INFO  : HikariPool-1 - Starting...
2023-09-13 17:23:56 [main] INFO  : HikariPool-1 - Added connection org.postgresql.jdbc.PgConnection@1ddf42dd
2023-09-13 17:23:56 [main] INFO  : HikariPool-1 - Start completed.
2023-09-13 17:23:56 [main] INFO  : HHH000021: Bytecode provider name : bytebuddy
2023-09-13 17:23:57 [main] INFO  : HHH000490: Using JtaPlatform implementation: [org.hibernate.engine.transaction.jta.platform.internal.NoJtaPlatform]
2023-09-13 17:23:57 [main] INFO  : Initialized JPA EntityManagerFactory for persistence unit 'default'
2023-09-13 17:23:58 [main] INFO  : Hibernate is in classpath; If applicable, HQL parser will be used.
2023-09-13 17:23:58 [main] WARN  : spring.jpa.open-in-view is enabled by default. Therefore, database queries may be performed during view rendering. Explicitly configure spring.jpa.open-in-view to disable this warning
2023-09-13 17:23:59 [main] INFO  : Will secure any request with [org.springframework.security.web.session.DisableEncodeUrlFilter@62036b05, org.springframework.security.web.context.request.async.WebAsyncManagerIntegrationFilter@32514766, org.springframework.security.web.context.SecurityContextHolderFilter@38cd7531, org.springframework.security.web.header.HeaderWriterFilter@44986fae, org.springframework.web.filter.CorsFilter@720cbb7d, org.springframework.security.web.authentication.logout.LogoutFilter@35c646b5, com.example.cafemanagementsystem.jwt.JwtAuthenticationFilter@2571bdf4, org.springframework.security.web.savedrequest.RequestCacheAwareFilter@7821d009, org.springframework.security.web.servletapi.SecurityContextHolderAwareRequestFilter@54e63f7c, org.springframework.security.web.authentication.AnonymousAuthenticationFilter@43d00636, org.springframework.security.web.session.SessionManagementFilter@67f8586f, org.springframework.security.web.access.ExceptionTranslationFilter@55aabc72, org.springframework.security.web.access.intercept.AuthorizationFilter@61563a91]
2023-09-13 17:23:59 [main] INFO  : Starting ProtocolHandler ["http-nio-8080"]
2023-09-13 17:23:59 [main] INFO  : Tomcat started on port(s): 8080 (http) with context path ''
2023-09-13 17:23:59 [main] INFO  : Started CafeManagementSystemApplication in 6.058 seconds (process running for 6.89)
2023-09-13 17:24:19 [http-nio-8080-exec-1] INFO  : Initializing Spring DispatcherServlet 'dispatcherServlet'
2023-09-13 17:24:19 [http-nio-8080-exec-1] INFO  : Initializing Servlet 'dispatcherServlet'
2023-09-13 17:24:19 [http-nio-8080-exec-1] INFO  : Completed initialization in 1 ms
2023-09-13 17:24:34 [http-nio-8080-exec-5] INFO  : Init duration for springdoc-openapi is: 599 ms
2023-09-13 17:53:46 [SpringApplicationShutdownHook] INFO  : Closing JPA EntityManagerFactory for persistence unit 'default'
2023-09-13 17:53:47 [SpringApplicationShutdownHook] INFO  : HikariPool-1 - Shutdown initiated...
2023-09-13 17:53:47 [SpringApplicationShutdownHook] INFO  : HikariPool-1 - Shutdown completed.
2023-09-13 17:53:53 [main] INFO  : Starting CafeManagementSystemApplication using Java 17.0.8 with PID 5916 (C:\Users\ThinkPad\IdeaProjects\SpringBoot\CafeManagementSystem\target\classes started by ThinkPad in C:\Users\ThinkPad\IdeaProjects\SpringBoot\CafeManagementSystem)
2023-09-13 17:53:53 [main] INFO  : No active profile set, falling back to 1 default profile: "default"
2023-09-13 17:53:54 [main] INFO  : Bootstrapping Spring Data JPA repositories in DEFAULT mode.
2023-09-13 17:53:55 [main] INFO  : Finished Spring Data repository scanning in 104 ms. Found 5 JPA repository interfaces.
2023-09-13 17:53:55 [main] INFO  : Tomcat initialized with port(s): 8080 (http)
2023-09-13 17:53:55 [main] INFO  : Initializing ProtocolHandler ["http-nio-8080"]
2023-09-13 17:53:55 [main] INFO  : Starting service [Tomcat]
2023-09-13 17:53:55 [main] INFO  : Starting Servlet engine: [Apache Tomcat/10.1.12]
2023-09-13 17:53:55 [main] INFO  : Initializing Spring embedded WebApplicationContext
2023-09-13 17:53:55 [main] INFO  : Root WebApplicationContext: initialization completed in 2134 ms
2023-09-13 17:53:56 [main] INFO  : HHH000204: Processing PersistenceUnitInfo [name: default]
2023-09-13 17:53:56 [main] INFO  : HHH000412: Hibernate ORM core version 6.2.7.Final
2023-09-13 17:53:56 [main] INFO  : HHH000406: Using bytecode reflection optimizer
2023-09-13 17:53:56 [main] INFO  : HHH000021: Bytecode provider name : bytebuddy
2023-09-13 17:53:56 [main] INFO  : No LoadTimeWeaver setup: ignoring JPA class transformer
2023-09-13 17:53:56 [main] INFO  : HikariPool-1 - Starting...
2023-09-13 17:53:56 [main] INFO  : HikariPool-1 - Added connection org.postgresql.jdbc.PgConnection@401ec794
2023-09-13 17:53:56 [main] INFO  : HikariPool-1 - Start completed.
2023-09-13 17:53:57 [main] INFO  : HHH000021: Bytecode provider name : bytebuddy
2023-09-13 17:53:58 [main] INFO  : HHH000490: Using JtaPlatform implementation: [org.hibernate.engine.transaction.jta.platform.internal.NoJtaPlatform]
2023-09-13 17:53:58 [main] INFO  : Initialized JPA EntityManagerFactory for persistence unit 'default'
2023-09-13 17:53:58 [main] INFO  : Hibernate is in classpath; If applicable, HQL parser will be used.
2023-09-13 17:53:59 [main] WARN  : spring.jpa.open-in-view is enabled by default. Therefore, database queries may be performed during view rendering. Explicitly configure spring.jpa.open-in-view to disable this warning
2023-09-13 17:54:00 [main] INFO  : Will secure any request with [org.springframework.security.web.session.DisableEncodeUrlFilter@3d2be0df, org.springframework.security.web.context.request.async.WebAsyncManagerIntegrationFilter@6affbed1, org.springframework.security.web.context.SecurityContextHolderFilter@35c646b5, org.springframework.security.web.header.HeaderWriterFilter@6bb2b8d4, org.springframework.web.filter.CorsFilter@2cf93603, org.springframework.security.web.authentication.logout.LogoutFilter@6a3cb81c, com.example.cafemanagementsystem.jwt.JwtAuthenticationFilter@544733a4, org.springframework.security.web.savedrequest.RequestCacheAwareFilter@6c07666f, org.springframework.security.web.servletapi.SecurityContextHolderAwareRequestFilter@3f9e38d4, org.springframework.security.web.authentication.AnonymousAuthenticationFilter@6fe43257, org.springframework.security.web.session.SessionManagementFilter@4873c645, org.springframework.security.web.access.ExceptionTranslationFilter@3d28c0af, org.springframework.security.web.access.intercept.AuthorizationFilter@55105271]
2023-09-13 17:54:00 [main] INFO  : Starting ProtocolHandler ["http-nio-8080"]
2023-09-13 17:54:00 [main] INFO  : Tomcat started on port(s): 8080 (http) with context path ''
2023-09-13 17:54:00 [main] INFO  : Started CafeManagementSystemApplication in 7.267 seconds (process running for 8.352)
2023-09-13 17:54:18 [http-nio-8080-exec-1] INFO  : Initializing Spring DispatcherServlet 'dispatcherServlet'
2023-09-13 17:54:18 [http-nio-8080-exec-1] INFO  : Initializing Servlet 'dispatcherServlet'
2023-09-13 17:54:18 [http-nio-8080-exec-1] INFO  : Completed initialization in 1 ms
2023-09-13 17:54:22 [http-nio-8080-exec-5] INFO  : Init duration for springdoc-openapi is: 385 ms
2023-09-13 17:57:13 [SpringApplicationShutdownHook] INFO  : Closing JPA EntityManagerFactory for persistence unit 'default'
2023-09-13 17:57:13 [SpringApplicationShutdownHook] INFO  : HikariPool-1 - Shutdown initiated...
2023-09-13 17:57:13 [SpringApplicationShutdownHook] INFO  : HikariPool-1 - Shutdown completed.
2023-09-13 17:57:16 [main] INFO  : Starting CafeManagementSystemApplication using Java 17.0.8 with PID 13876 (C:\Users\ThinkPad\IdeaProjects\SpringBoot\CafeManagementSystem\target\classes started by ThinkPad in C:\Users\ThinkPad\IdeaProjects\SpringBoot\CafeManagementSystem)
2023-09-13 17:57:16 [main] INFO  : No active profile set, falling back to 1 default profile: "default"
2023-09-13 17:57:17 [main] INFO  : Bootstrapping Spring Data JPA repositories in DEFAULT mode.
2023-09-13 17:57:17 [main] INFO  : Finished Spring Data repository scanning in 91 ms. Found 5 JPA repository interfaces.
2023-09-13 17:57:18 [main] INFO  : Tomcat initialized with port(s): 8080 (http)
2023-09-13 17:57:18 [main] INFO  : Initializing ProtocolHandler ["http-nio-8080"]
2023-09-13 17:57:18 [main] INFO  : Starting service [Tomcat]
2023-09-13 17:57:18 [main] INFO  : Starting Servlet engine: [Apache Tomcat/10.1.12]
2023-09-13 17:57:18 [main] INFO  : Initializing Spring embedded WebApplicationContext
2023-09-13 17:57:18 [main] INFO  : Root WebApplicationContext: initialization completed in 1705 ms
2023-09-13 17:57:18 [main] INFO  : HHH000204: Processing PersistenceUnitInfo [name: default]
2023-09-13 17:57:18 [main] INFO  : HHH000412: Hibernate ORM core version 6.2.7.Final
2023-09-13 17:57:18 [main] INFO  : HHH000406: Using bytecode reflection optimizer
2023-09-13 17:57:18 [main] INFO  : HHH000021: Bytecode provider name : bytebuddy
2023-09-13 17:57:19 [main] INFO  : No LoadTimeWeaver setup: ignoring JPA class transformer
2023-09-13 17:57:19 [main] INFO  : HikariPool-1 - Starting...
2023-09-13 17:57:19 [main] INFO  : HikariPool-1 - Added connection org.postgresql.jdbc.PgConnection@26101efc
2023-09-13 17:57:19 [main] INFO  : HikariPool-1 - Start completed.
2023-09-13 17:57:19 [main] INFO  : HHH000021: Bytecode provider name : bytebuddy
2023-09-13 17:57:20 [main] INFO  : HHH000490: Using JtaPlatform implementation: [org.hibernate.engine.transaction.jta.platform.internal.NoJtaPlatform]
2023-09-13 17:57:20 [main] INFO  : Initialized JPA EntityManagerFactory for persistence unit 'default'
2023-09-13 17:57:20 [main] INFO  : Hibernate is in classpath; If applicable, HQL parser will be used.
2023-09-13 17:57:21 [main] WARN  : spring.jpa.open-in-view is enabled by default. Therefore, database queries may be performed during view rendering. Explicitly configure spring.jpa.open-in-view to disable this warning
2023-09-13 17:57:22 [main] INFO  : Will secure any request with [org.springframework.security.web.session.DisableEncodeUrlFilter@6f5ae4e1, org.springframework.security.web.context.request.async.WebAsyncManagerIntegrationFilter@2fb006dc, org.springframework.security.web.context.SecurityContextHolderFilter@11893180, org.springframework.security.web.header.HeaderWriterFilter@72426ced, org.springframework.web.filter.CorsFilter@1285ec6, org.springframework.security.web.authentication.logout.LogoutFilter@5632bed3, com.example.cafemanagementsystem.jwt.JwtAuthenticationFilter@577f81a0, org.springframework.security.web.savedrequest.RequestCacheAwareFilter@446dbf7b, org.springframework.security.web.servletapi.SecurityContextHolderAwareRequestFilter@529a2d6f, org.springframework.security.web.authentication.AnonymousAuthenticationFilter@2abe5132, org.springframework.security.web.session.SessionManagementFilter@54e63f7c, org.springframework.security.web.access.ExceptionTranslationFilter@2aef651, org.springframework.security.web.access.intercept.AuthorizationFilter@5642cd03]
2023-09-13 17:57:22 [main] INFO  : Starting ProtocolHandler ["http-nio-8080"]
2023-09-13 17:57:22 [main] INFO  : Tomcat started on port(s): 8080 (http) with context path ''
2023-09-13 17:57:22 [main] INFO  : Started CafeManagementSystemApplication in 6.373 seconds (process running for 7.381)
2023-09-13 17:57:34 [http-nio-8080-exec-1] INFO  : Initializing Spring DispatcherServlet 'dispatcherServlet'
2023-09-13 17:57:34 [http-nio-8080-exec-1] INFO  : Initializing Servlet 'dispatcherServlet'
2023-09-13 17:57:34 [http-nio-8080-exec-1] INFO  : Completed initialization in 2 ms
2023-09-13 17:57:46 [http-nio-8080-exec-4] INFO  : Init duration for springdoc-openapi is: 759 ms
2023-09-13 18:04:36 [SpringApplicationShutdownHook] INFO  : Closing JPA EntityManagerFactory for persistence unit 'default'
2023-09-13 18:04:36 [SpringApplicationShutdownHook] INFO  : HikariPool-1 - Shutdown initiated...
2023-09-13 18:04:36 [SpringApplicationShutdownHook] INFO  : HikariPool-1 - Shutdown completed.
